[2026-04-01 15:48:41] ============================================================
[2026-04-01 15:48:41] LIVE MIRROR: iworkautomation.com
[2026-04-01 15:48:41] Seed: http://iworkautomation.com/
[2026-04-01 15:48:41] Seed path: /
[2026-04-01 15:48:41] Max link depth: 5
[2026-04-01 15:48:41] Output: /var/folders/ly/fy8lysdn46x8hx7ybrhcmyf80000gn/T/sal-mirror-iworkautomation-sn6u0erk/iworkautomation.com
[2026-04-01 15:48:41] ============================================================
[2026-04-01 15:48:41] Loaded 1 seed URLs
[2026-04-01 15:48:41] Crawling / (download-as-you-go)...
[2026-04-01 15:48:42]   [1 d0*] http://iworkautomation.com/  (1 OK, 0 queued)
[2026-04-01 15:48:42]     +20 links (21 total known)
[2026-04-01 15:48:43]   [2 d0*] http://iworkautomation.com/keynote/image-slides-from-files.html  (2 OK, 19 queued)
[2026-04-01 15:48:43]     +21 links (42 total known)
[2026-04-01 15:48:44]   [3 d0*] http://iworkautomation.com/keynote/document.html  (3 OK, 39 queued)
[2026-04-01 15:48:44]     +7 links (49 total known)
[2026-04-01 15:48:45]   [4 d0*] http://iworkautomation.com/keynote/document-close.html  (4 OK, 45 queued)
[2026-04-01 15:48:45]     +1 links (50 total known)
[2026-04-01 15:48:46]   [5 d0*] http://iworkautomation.com/script-menu.html  (5 OK, 45 queued)
[2026-04-01 15:48:46]     +16 links (66 total known)
[2026-04-01 15:48:48]   [6 d0*] http://iworkautomation.com/gfx/homefolderinfowindow.png  (6 OK, 60 queued)
[2026-04-01 15:48:50]   [7 d0*] http://iworkautomation.com/gfx/script-save-dialog-02.png  (7 OK, 59 queued)
[2026-04-01 15:48:51]   [9 d0*] http://iworkautomation.com/numbers/index.html  (8 OK, 57 queued)
[2026-04-01 15:48:51]     +20 links (86 total known)
[2026-04-01 15:48:52]   [10 d0*] https://iworkautomation.com/numbers/table.html  (9 OK, 76 queued)
[2026-04-01 15:48:52]     +9 links (95 total known)
[2026-04-01 15:48:59]   [15 d0*] https://iworkautomation.com/numbers/gfx/tsv.png  (14 OK, 84 queued)
[2026-04-01 15:49:07]   [20 d0*] https://iworkautomation.com/numbers/table-edit.html  (19 OK, 79 queued)
[2026-04-01 15:49:15]   [25 d0*] https://iworkautomation.com/numbers/gfx/applescript-numbers-sm-banner.jpg  (24 OK, 76 queued)
[2026-04-01 15:49:23]   [30 d0*] https://iworkautomation.com/numbers/gfx/cell-name-table.jpg  (29 OK, 77 queued)
[2026-04-01 15:49:32]   [35 d0*] https://iworkautomation.com/numbers/gfx/example-range-selection.jpg  (34 OK, 79 queued)
[2026-04-01 15:49:41]   [40 d0*] https://iworkautomation.com/numbers/automation-utilities.html  (39 OK, 74 queued)
[2026-04-01 15:49:41]     +6 links (120 total known)
[2026-04-01 15:49:49]   [45 d0*] https://iworkautomation.com/numbers/gfx/script-menu-prefs.png  (44 OK, 81 queued)
[2026-04-01 15:49:57]   [50 d0*] https://iworkautomation.com/numbers/gfx/open-dictionary-dialog.png  (49 OK, 83 queued)
[2026-04-01 15:50:03]   [55 d0*] https://iworkautomation.com/numbers/gfx/osa_suite.png  (54 OK, 78 queued)
[2026-04-01 15:50:11]   [60 d0*] https://iworkautomation.com/numbers/gfx/applescript-numbers-service.png  (59 OK, 78 queued)
[2026-04-01 15:50:25]   [70 d0*] https://iworkautomation.com/numbers/gfx/add-column-01.jpg  (68 OK, 73 queued)
[2026-04-01 15:50:38]   [80 d0*] https://iworkautomation.com/gfx/numbers-scripts-folder-populated.png  (75 OK, 79 queued)
[2026-04-01 15:50:44]   [85 d0*] https://iworkautomation.com/gfx/homefolderinfowindow.png  (79 OK, 74 queued)
[2026-04-01 15:50:55]   [95 d0*] http://iworkautomation.com/numbers/application-developers.html  (84 OK, 87 queued)
[2026-04-01 15:50:59]   [100 d0*] http://iworkautomation.com/numbers/gfx/script-save-dialog-02.png  (89 OK, 89 queued)
[2026-04-01 15:51:02]   [105 d0*] http://iworkautomation.com/numbers/examples.html  (94 OK, 84 queued)
[2026-04-01 15:51:07]   [110 d0*] http://iworkautomation.com/numbers/table-edit.html  (99 OK, 86 queued)
[2026-04-01 15:51:07]     +6 links (202 total known)
[2026-04-01 15:51:10]   [115 d0*] http://iworkautomation.com/numbers/gfx/sort-table-01.jpg  (104 OK, 89 queued)
[2026-04-01 15:51:12]   [120 d0*] http://iworkautomation.com/numbers/gfx/tsv.png  (109 OK, 88 queued)
[2026-04-01 15:51:17]   [125 d0*] http://iworkautomation.com/numbers/column.html  (114 OK, 83 queued)
[2026-04-01 15:51:19]   [130 d0*] http://iworkautomation.com/numbers/column-select.html  (119 OK, 83 queued)
[2026-04-01 15:51:19]     +3 links (216 total known)
[2026-04-01 15:51:22]   [135 d0*] http://iworkautomation.com/numbers/gfx/range-selection-01.jpg  (124 OK, 89 queued)
[2026-04-01 15:51:24]   [140 d0*] http://iworkautomation.com/numbers/gfx/select-contiguous-columns.jpg  (129 OK, 84 queued)
[2026-04-01 15:51:29]   [145 d0*] http://iworkautomation.com/numbers/sheet.html  (134 OK, 81 queued)
[2026-04-01 15:51:32]   [150 d0*] http://iworkautomation.com/numbers/services-support.html  (139 OK, 79 queued)
[2026-04-01 15:51:32]     +5 links (234 total known)
[2026-04-01 15:51:35]   [155 d0*] http://iworkautomation.com/numbers/gfx/contextual-menu.jpg  (144 OK, 79 queued)
[2026-04-01 15:51:42]   [160 d0*] http://iworkautomation.com/numbers/gfx/NumbersToKeynote-02.png  (149 OK, 79 queued)
[2026-04-01 15:51:45]   [165 d0*] http://iworkautomation.com/numbers/gfx/open-dictionary-dialog.png  (154 OK, 81 queued)
[2026-04-01 15:51:48]   [170 d0*] http://iworkautomation.com/numbers/row.html  (159 OK, 76 queued)
[2026-04-01 15:51:48]     +3 links (249 total known)
[2026-04-01 15:51:54]   [175 d0*] http://iworkautomation.com/numbers/gfx/SUM-table-01.jpg  (164 OK, 76 queued)
[2026-04-01 15:52:00]   [180 d0*] http://iworkautomation.com/numbers/document.html  (169 OK, 73 queued)
[2026-04-01 15:52:00]     +5 links (258 total known)
[2026-04-01 15:52:05]   [185 d0*] http://iworkautomation.com/numbers/document-save.html  (174 OK, 73 queued)
[2026-04-01 15:52:08]   [190 d0*] http://iworkautomation.com/numbers/cell.html  (179 OK, 70 queued)
[2026-04-01 15:52:08]     +3 links (263 total known)
[2026-04-01 15:52:16]   [195 d0*] http://iworkautomation.com/numbers/gfx/format-tables-02.jpg  (184 OK, 71 queued)
[2026-04-01 15:52:20]   [200 d0*] https://iworkautomation.com/numbers/examples-highlight-intersection.html  (189 OK, 72 queued)
[2026-04-01 15:52:20]     +1 links (273 total known)
[2026-04-01 15:52:22]   [205 d0*] https://iworkautomation.com/numbers/keynote.html  (194 OK, 68 queued)
[2026-04-01 15:52:25]   [210 d0*] https://iworkautomation.com/numbers/gfx/NumbersToKeynote-04.png  (199 OK, 68 queued)
[2026-04-01 15:52:28]   [215 d0*] https://iworkautomation.com/numbers/gfx/format-tables-01.jpg  (204 OK, 69 queued)
[2026-04-01 15:52:30]   [220 d0*] https://iworkautomation.com/numbers/document.html  (209 OK, 65 queued)
[2026-04-01 15:52:30]     +5 links (290 total known)
[2026-04-01 15:52:33]   [225 d0*] https://iworkautomation.com/numbers/document-make.html  (214 OK, 65 queued)
[2026-04-01 15:52:35]   [230 d0*] https://iworkautomation.com/numbers/gfx/centered-text-items.png  (219 OK, 64 queued)
[2026-04-01 15:52:40]   [235 d0*] http://iworkautomation.com/numbers/gfx/databases.png  (224 OK, 65 queued)
[2026-04-01 15:52:45]   [240 d0*] https://iworkautomation.com/numbers/row-add.html  (229 OK, 63 queued)
[2026-04-01 15:52:45]     +2 links (305 total known)
[2026-04-01 15:52:48]   [245 d0*] https://iworkautomation.com/numbers/sqlite.html  (234 OK, 60 queued)
[2026-04-01 15:52:50]   [250 d0*] https://iworkautomation.com/numbers/sqlite-make.html  (239 OK, 60 queued)
[2026-04-01 15:52:50]     +1 links (311 total known)
[2026-04-01 15:52:53]   [255 d0*] https://iworkautomation.com/numbers/sheet.html  (244 OK, 57 queued)
[2026-04-01 15:52:57]   [260 d0*] http://iworkautomation.com/pages/examples-doc-from-outline.html  (249 OK, 73 queued)
[2026-04-01 15:52:57]     +8 links (341 total known)
[2026-04-01 15:53:01]   [265 d0*] http://iworkautomation.com/pages/document-make.html  (254 OK, 81 queued)
[2026-04-01 15:53:07]   [270 d0*] http://iworkautomation.com/pages/media-items-movie.html  (259 OK, 78 queued)
[2026-04-01 15:53:15]   [275 d0*] http://iworkautomation.com/pages/image-replace.html  (264 OK, 77 queued)
[2026-04-01 15:53:22]   [280] 268 OK, 12 failed, 78 queued
[2026-04-01 15:53:22]     last fail: http://iworkautomation.com/pages/body-text-format.html
[2026-04-01 15:53:28]   [285 d0*] http://iworkautomation.com/pages/section.html  (273 OK, 74 queued)
[2026-04-01 15:53:36]   [290 d0*] http://iworkautomation.com/pages/gfx/import-choose-file-dialog.png  (278 OK, 77 queued)
[2026-04-01 15:53:43]   [295 d0*] http://iworkautomation.com/pages/document-export.html  (283 OK, 72 queued)
[2026-04-01 15:53:47]   [300 d0*] https://iworkautomation.com/pages/section-import.html  (288 OK, 71 queued)
[2026-04-01 15:53:47]     +5 links (376 total known)
[2026-04-01 15:53:50]   [305 d0*] https://iworkautomation.com/pages/gfx/AIW-files.png  (293 OK, 71 queued)
[2026-04-01 15:53:56]   [310 d0*] https://iworkautomation.com/pages/gfx/security-approval-03.png  (298 OK, 70 queued)
[2026-04-01 15:54:03]   [315 d0*] https://iworkautomation.com/pages/document.html  (303 OK, 68 queued)
[2026-04-01 15:54:05]   [320 d0*] https://iworkautomation.com/pages/document-close.html  (308 OK, 68 queued)
[2026-04-01 15:54:09]   [325 d0*] http://iworkautomation.com/pages/examples-page-items-grid.html  (312 OK, 65 queued)
[2026-04-01 15:54:15]   [330 d0*] https://iworkautomation.com/pages/gfx/body-text-containers.png  (317 OK, 67 queued)
[2026-04-01 15:54:18]   [335 d0*] https://iworkautomation.com/pages/gfx/mycard.png  (322 OK, 70 queued)
[2026-04-01 15:54:20]   [340 d0*] https://iworkautomation.com/pages/examples-page-items-grid.html  (327 OK, 67 queued)
[2026-04-01 15:54:20]     +3 links (410 total known)
[2026-04-01 15:54:30]   [350 d0*] https://iworkautomation.com/pages/gfx/full-page-grid.png  (335 OK, 67 queued)
[2026-04-01 15:54:37]   [355 d0*] https://iworkautomation.com/pages/gfx/vertical-line-grid.png  (340 OK, 63 queued)
[2026-04-01 15:54:40]   [360 d0*] https://iworkautomation.com/pages/image-replace.html  (345 OK, 62 queued)
[2026-04-01 15:54:40]     +1 links (423 total known)
[2026-04-01 15:54:43]   [365 d0*] http://iworkautomation.com/pages/template.html  (350 OK, 60 queued)
[2026-04-01 15:54:47]   [370 d0*] https://iworkautomation.com/pages/template.html  (355 OK, 56 queued)
[2026-04-01 15:54:47]     +1 links (427 total known)
[2026-04-01 15:54:50]   [375 d0*] http://iworkautomation.com/pages/line-column-lines.html  (360 OK, 59 queued)
[2026-04-01 15:54:52]   [380 d0*] http://iworkautomation.com/pages/gfx/grid-based-layout.png  (365 OK, 55 queued)
[2026-04-01 15:55:10]   [400 d0*] http://iworkautomation.com/keynote/examples-text-wall.html  (376 OK, 55 queued)
[2026-04-01 15:55:17]   [405 d0*] http://iworkautomation.com/keynote/gfx/QR-code.png  (381 OK, 53 queued)
[2026-04-01 15:55:24]   [410 d0*] http://iworkautomation.com/keynote/examples-doc-from-image-files.html  (386 OK, 50 queued)
[2026-04-01 15:55:24]     +5 links (465 total known)
[2026-04-01 15:55:31]   [415 d0*] http://iworkautomation.com/keynote/gfx/title-slide.png  (391 OK, 50 queued)
[2026-04-01 15:55:37]   [420 d0*] http://iworkautomation.com/keynote/gfx/translate-dialog-02.png  (396 OK, 50 queued)
[2026-04-01 15:55:45]   [425 d0*] https://iworkautomation.com/keynote/text-item-styling.html  (401 OK, 73 queued)
[2026-04-01 15:55:47]   [430 d0*] https://iworkautomation.com/keynote/examples-music-helper.html  (406 OK, 80 queued)
[2026-04-01 15:55:50]   [435 d0*] https://iworkautomation.com/keynote/gfx/title-slide.png  (411 OK, 80 queued)
[2026-04-01 15:55:52]   [440 d0*] https://iworkautomation.com/keynote/gfx/omni-document.png  (416 OK, 77 queued)
[2026-04-01 15:55:55]   [445 d0*] https://iworkautomation.com/keynote/examples-movie-export-droplet.html  (421 OK, 74 queued)
[2026-04-01 15:56:00]   [450 d0*] https://iworkautomation.com/keynote/gfx/translate-window-01-partial.png  (426 OK, 74 queued)
[2026-04-01 15:56:05]   [455 d0*] https://iworkautomation.com/keynote/gfx/text-item-types.png  (431 OK, 76 queued)
[2026-04-01 15:56:15]   [460 d0*] https://iworkautomation.com/keynote/gfx/custom-text-item-03.png  (436 OK, 71 queued)
[2026-04-01 15:56:20]   [465 d0*] https://iworkautomation.com/keynote/document-close.html  (441 OK, 72 queued)
[2026-04-01 15:56:28]   [470 d0*] https://iworkautomation.com/keynote/gfx/KioskSettings.png  (446 OK, 70 queued)
[2026-04-01 15:56:56]   [475 d0*] https://iworkautomation.com/keynote/Wind-Power/index.html  (451 OK, 66 queued)
[2026-04-01 15:57:04]   [480 d0*] https://iworkautomation.com/keynote/gfx/desktop-picture-slide.jpg  (456 OK, 69 queued)
[2026-04-01 15:57:13]   [485 d0*] https://iworkautomation.com/keynote/gfx/image-on-faded-image-1.jpg  (461 OK, 68 queued)
[2026-04-01 15:57:21]   [490 d0*] https://iworkautomation.com/keynote/gfx/description-over.jpg  (466 OK, 68 queued)
[2026-04-01 15:57:31]   [495 d0*] https://iworkautomation.com/keynote/gfx/replacement-image-tall.png  (471 OK, 70 queued)
[2026-04-01 15:57:41]   [500 d0*] https://iworkautomation.com/keynote/image-from-URL.html  (476 OK, 65 queued)
[2026-04-01 15:57:41]     +2 links (567 total known)
[2026-04-01 15:57:48]   [505 d0*] https://iworkautomation.com/keynote/gfx/presenter-notes-pages.png  (481 OK, 62 queued)
[2026-04-01 15:57:56]   [510 d0*] https://iworkautomation.com/keynote/media-items-audio-clip.html  (486 OK, 61 queued)
[2026-04-01 15:57:56]     +1 links (572 total known)
[2026-04-01 15:58:03]   [515 d0*] https://iworkautomation.com/keynote/gfx/simple-pie-chart.png  (491 OK, 60 queued)
[2026-04-01 15:58:11]   [520 d0*] https://iworkautomation.com/keynote/gfx/table-chart.001.jpg  (496 OK, 60 queued)
[2026-04-01 15:58:20]   [525 d0*] https://iworkautomation.com/keynote/gfx/duplicate-slides-01.png  (501 OK, 58 queued)
[2026-04-01 15:58:27]   [530 d0*] https://iworkautomation.com/keynote/table-make.html  (506 OK, 61 queued)
[2026-04-01 15:58:27]     +1 links (592 total known)
[2026-04-01 15:58:36]   [535 d0*] https://iworkautomation.com/keynote/table-chart-from-row-column.html  (511 OK, 59 queued)
[2026-04-01 15:58:45]   [540 d0*] https://iworkautomation.com/keynote/table-populate.html  (516 OK, 58 queued)
[2026-04-01 15:58:45]     +2 links (600 total known)
[2026-04-01 15:58:54]   [545 d0*] https://iworkautomation.com/keynote/gfx/conditional-table-02.jpg  (521 OK, 57 queued)
[2026-04-01 15:59:02]   [550 d0*] https://iworkautomation.com/keynote/gfx/default-text-items-04.png  (526 OK, 57 queued)
[2026-04-01 15:59:10]   [555 d0*] https://iworkautomation.com/keynote/shape-line.html  (531 OK, 53 queued)
[2026-04-01 15:59:18]   [560 d0*] https://iworkautomation.com/keynote/gfx/multi-region-preso-02.png  (536 OK, 54 queued)
[2026-04-01 15:59:26]   [565 d0*] https://iworkautomation.com/keynote/slide-make.html  (541 OK, 50 queued)
[2026-04-01 15:59:36]   [570 d0*] https://iworkautomation.com/keynote/gfx/presenter-notes-to-outliner.png  (546 OK, 49 queued)
[2026-04-01 15:59:46]   [575 d0*] https://iworkautomation.com/keynote/gfx/duplicate-slide-01.png  (551 OK, 48 queued)
[2026-04-01 15:59:49]   [580 d0*] http://iworkautomation.com/keynote/slide-delete.html  (556 OK, 53 queued)
[2026-04-01 15:59:51]   [585 d0*] http://iworkautomation.com/keynote/gfx/new-slide-after-current.png  (561 OK, 52 queued)
[2026-04-01 15:59:54]   [590 d0*] http://iworkautomation.com/keynote/gfx/multi-region-preso-02.png  (566 OK, 51 queued)
[2026-04-01 15:59:57]   [595 d0*] http://iworkautomation.com/keynote/gfx/duplicate-slides-02.png  (571 OK, 51 queued)
[2026-04-01 15:59:59]   [600 d0*] http://iworkautomation.com/keynote/gfx/transition-settings.png  (576 OK, 47 queued)
[2026-04-01 16:00:02]   [605 d0*] http://iworkautomation.com/keynote/slide-default-text.html  (581 OK, 44 queued)
[2026-04-01 16:00:04]   [610 d0*] http://iworkautomation.com/keynote/gfx/default-text-items-04.png  (586 OK, 44 queued)
[2026-04-01 16:00:07]   [615 d0*] http://iworkautomation.com/keynote/gfx/KioskSettings.png  (591 OK, 42 queued)
[2026-04-01 16:00:09]   [620 d0*] http://iworkautomation.com/keynote/media-items.html  (596 OK, 38 queued)
[2026-04-01 16:00:09]     +3 links (661 total known)
[2026-04-01 16:00:12]   [625 d0*] http://iworkautomation.com/keynote/table.html  (601 OK, 37 queued)
[2026-04-01 16:00:14]   [630 d0*] http://iworkautomation.com/keynote/gfx/row-selected.jpg  (606 OK, 43 queued)
[2026-04-01 16:00:17]   [635 d0*] http://iworkautomation.com/keynote/gfx/styled-table.jpg  (611 OK, 41 queued)
[2026-04-01 16:00:19]   [640 d0*] http://iworkautomation.com/keynote/gfx/conditional-table-02.jpg  (616 OK, 39 queued)
[2026-04-01 16:00:22]   [645 d0*] http://iworkautomation.com/keynote/image.html  (621 OK, 36 queued)
[2026-04-01 16:00:25]   [650 d0*] http://iworkautomation.com/keynote/gfx/image-on-faded-image-4.jpg  (626 OK, 36 queued)
[2026-04-01 16:00:27]   [655 d0*] http://iworkautomation.com/keynote/slide.html  (631 OK, 31 queued)
[2026-04-01 16:00:32]   [660 d0*] https://iworkautomation.com/welcome.html  (636 OK, 34 queued)
[2026-04-01 16:00:39]   [665 d0*] https://iworkautomation.com/gfx/Keynote-Automator-Rectangle.jpg  (640 OK, 29 queued)
[2026-04-01 16:00:42]   [670 d0*] http://iworkautomation.com/keynote/gfx/simple-pie-chart.png  (645 OK, 29 queued)
[2026-04-01 16:00:44]   [675 d0*] http://iworkautomation.com/keynote/image-placeholder.html  (650 OK, 27 queued)
[2026-04-01 16:00:47]   [680 d0*] http://iworkautomation.com/keynote/gfx/image-taller-than-slide.png  (655 OK, 29 queued)
[2026-04-01 16:00:49]   [685 d0*] http://iworkautomation.com/keynote/gfx/text-size-query-dialog.png  (660 OK, 29 queued)
[2026-04-01 16:00:52]   [690 d0*] http://iworkautomation.com/keynote/image-from-URL.html  (665 OK, 24 queued)
[2026-04-01 16:00:52]     +2 links (716 total known)
[2026-04-01 16:00:54]   [695 d0*] http://iworkautomation.com/keynote/shape-line-shape.html  (670 OK, 23 queued)
[2026-04-01 16:01:00]   [700 d0*] http://iworkautomation.com/keynote/gfx/mavericks-sidebar.jpg  (674 OK, 23 queued)
[2026-04-01 16:01:03]   [705 d0*] http://iworkautomation.com/keynote/text-item-behavior.html  (678 OK, 21 queued)
[2026-04-01 16:01:05]   [710 d0*] http://iworkautomation.com/keynote/gfx/custom-text-item-04.png  (683 OK, 23 queued)
[2026-04-01 16:01:08]   [715 d0*] http://iworkautomation.com/keynote/theme-doc-make.html  (688 OK, 19 queued)
[2026-04-01 16:01:10]   [720 d0*] http://iworkautomation.com/gfx/photos-automator-sidebar.jpg  (693 OK, 14 queued)
[2026-04-01 16:01:13]   [725 d0*] http://iworkautomation.com/iworkscripting.css  (697 OK, 9 queued)
[2026-04-01 16:01:16]   [730 d0*] https://iworkautomation.com/keynote/index.html  (700 OK, 6 queued)
[2026-04-01 16:01:16]     +4 links (740 total known)
[2026-04-01 16:01:23]   [740 d0*] https://iworkautomation.com/keynote/automator/index.html  (706 OK, 1 queued)
[2026-04-01 16:01:23]     +32 links (773 total known)
[2026-04-01 16:01:31]   [745 d0*] https://iworkautomation.com/keynote/automator/gfx/Font-Warning-Dialog.png  (710 OK, 32 queued)
[2026-04-01 16:01:39]   [750 d0*] https://iworkautomation.com/keynote/automator/gfx/narration-workflow.png  (715 OK, 31 queued)
[2026-04-01 16:01:45]   [755 d0*] https://iworkautomation.com/keynote/automator/document-actions-04.html  (720 OK, 29 queued)
[2026-04-01 16:01:53]   [760 d0*] https://iworkautomation.com/keynote/automator/gfx/delete-slide.jpg  (725 OK, 27 queued)
[2026-04-01 16:02:01]   [765 d0*] https://iworkautomation.com/keynote/automator/gfx/send-notes-01.png  (730 OK, 29 queued)
[2026-04-01 16:02:09]   [770 d0*] https://iworkautomation.com/keynote/automator/workflows-04.html  (735 OK, 25 queued)
[2026-04-01 16:02:09]     +2 links (797 total known)
[2026-04-01 16:02:18]   [775 d0*] https://iworkautomation.com/keynote/automator/workflows-06.html  (740 OK, 23 queued)
[2026-04-01 16:02:26]   [780 d0*] https://iworkautomation.com/keynote/automator/document-actions-01.html  (745 OK, 21 queued)
[2026-04-01 16:02:26]     +3 links (804 total known)
[2026-04-01 16:02:35]   [785 d0*] https://iworkautomation.com/keynote/automator/document-actions-09.html  (750 OK, 19 queued)
[2026-04-01 16:02:44]   [790 d0*] https://iworkautomation.com/keynote/automator/gfx/scale-to-fit.png  (755 OK, 23 queued)
[2026-04-01 16:02:52]   [795 d0*] https://iworkautomation.com/keynote/automator/gfx/new-image-slide-03.jpg  (760 OK, 18 queued)
[2026-04-01 16:02:59]   [800 d0*] https://iworkautomation.com/keynote/automator/workflows-02.html  (765 OK, 16 queued)
[2026-04-01 16:02:59]     +2 links (818 total known)
[2026-04-01 16:03:05]   [805 d0*] https://iworkautomation.com/keynote/automator/gfx/photos-automator-sidebar.jpg  (770 OK, 13 queued)
[2026-04-01 16:03:12]   [810 d0*] https://iworkautomation.com/keynote/automator/gfx/set-skipped-for-slide-02.jpg  (775 OK, 12 queued)
[2026-04-01 16:03:19]   [815 d0*] https://iworkautomation.com/keynote/automator/nrel/16053.jpg  (780 OK, 35 queued)
[2026-04-01 16:03:28]   [820 d0*] https://iworkautomation.com/keynote/automator/gfx/image-stack.001.jpg  (785 OK, 30 queued)
[2026-04-01 16:03:37]   [825 d0*] https://iworkautomation.com/keynote/automator/gfx/image-stack.003.jpg  (790 OK, 25 queued)
[2026-04-01 16:03:50]   [830 d0*] https://iworkautomation.com/keynote/automator/nrel/21207.jpg  (795 OK, 20 queued)
[2026-04-01 16:03:57]   [835 d0*] https://iworkautomation.com/keynote/automator/nrel/16051-TH.jpg  (800 OK, 15 queued)
[2026-04-01 16:04:06]   [840 d0*] https://iworkautomation.com/keynote/automator/nrel/15407-TH.jpg  (805 OK, 10 queued)
[2026-04-01 16:04:13]   [845 d0*] https://iworkautomation.com/keynote/automator/gfx/Save-Document-03.png  (810 OK, 8 queued)
[2026-04-01 16:04:21]   [850 d0*] https://iworkautomation.com/keynote/automator/gfx/chart-type-popup-menu.png  (815 OK, 6 queued)
[2026-04-01 16:04:29]   [855 d0*] https://iworkautomation.com/keynote/automator/slide-actions-04.html  (820 OK, 4 queued)
[2026-04-01 16:04:36]   [860 d0*] https://iworkautomation.com/keynote/automator/gfx/new-slide-menu.png  (825 OK, 4 queued)
[2026-04-01 16:04:45]   [865 d0*] https://iworkautomation.com/keynote/automator/gfx/AutomatorQuickStart.001.jpg  (830 OK, 2 queued)
[2026-04-01 16:04:49]   [870 d0*] http://iworkautomation.com/keynote/automator/gfx/AutomatorQuickStart.003.jpg  (835 OK, 30 queued)
[2026-04-01 16:04:52]   [875 d0*] http://iworkautomation.com/keynote/automator/gfx/Open-Keynote-Files.jpg  (839 OK, 29 queued)
[2026-04-01 16:04:55]   [880 d0*] http://iworkautomation.com/keynote/automator/gfx/presenter-notes-for-slide-01.jpg  (844 OK, 26 queued)
[2026-04-01 16:04:57]   [885 d0*] http://iworkautomation.com/keynote/automator/gfx/render-pdf-to-image-slide.png  (849 OK, 25 queued)
[2026-04-01 16:05:00]   [890 d0*] http://iworkautomation.com/keynote/automator/workflows-02.html  (854 OK, 22 queued)
[2026-04-01 16:05:00]     +2 links (914 total known)
[2026-04-01 16:05:03]   [895 d0*] http://iworkautomation.com/keynote/automator/gfx/set-transition-for-slide-02.png  (859 OK, 22 queued)
[2026-04-01 16:05:05]   [900 d0*] http://iworkautomation.com/keynote/automator/slide-actions-07.html  (864 OK, 19 queued)
[2026-04-01 16:05:05]     +3 links (922 total known)
[2026-04-01 16:05:08]   [905 d0*] http://iworkautomation.com/keynote/automator/gfx/new-slide-04.jpg  (869 OK, 21 queued)
[2026-04-01 16:05:10]   [910 d0*] http://iworkautomation.com/keynote/automator/gfx/source-table-popup-menu.png  (874 OK, 19 queued)
[2026-04-01 16:05:13]   [915 d0*] http://iworkautomation.com/keynote/automator/gfx/new-screen-cap-slide-01.png  (879 OK, 16 queued)
[2026-04-01 16:05:15]   [920 d0*] http://iworkautomation.com/keynote/automator/gfx/get-specified-slide-02.png  (884 OK, 14 queued)
[2026-04-01 16:05:18]   [925 d0*] http://iworkautomation.com/keynote/automator/gfx/Save-Document-02.png  (889 OK, 12 queued)
[2026-04-01 16:05:20]   [930 d0*] http://iworkautomation.com/keynote/automator/image-actions-02.html  (894 OK, 10 queued)
[2026-04-01 16:05:20]     +28 links (968 total known)
[2026-04-01 16:05:23]   [935 d0*] http://iworkautomation.com/keynote/automator/nrel/16051.jpg  (899 OK, 33 queued)
[2026-04-01 16:05:25]   [940 d0*] http://iworkautomation.com/keynote/automator/nrel/16053-TH.jpg  (904 OK, 28 queued)
[2026-04-01 16:05:28]   [945 d0*] http://iworkautomation.com/keynote/automator/gfx/stack-identity.png  (909 OK, 23 queued)
[2026-04-01 16:05:30]   [950 d0*] http://iworkautomation.com/keynote/automator/nrel/15407.jpg  (914 OK, 18 queued)
[2026-04-01 16:05:33]   [955 d0*] http://iworkautomation.com/keynote/automator/nrel/18207.jpg  (919 OK, 13 queued)
[2026-04-01 16:05:35]   [960 d0*] http://iworkautomation.com/keynote/automator/gfx/Get-Specified-Document-Menu.png  (924 OK, 10 queued)
[2026-04-01 16:05:38]   [965 d0*] http://iworkautomation.com/keynote/automator/gfx/new-presentation.jpg  (929 OK, 8 queued)
[2026-04-01 16:05:40]   [970 d0*] http://iworkautomation.com/keynote/automator/gfx/new-image-slide-02.jpg  (934 OK, 8 queued)
[2026-04-01 16:05:43]   [975 d0*] http://iworkautomation.com/keynote/automator/document-actions-08-video.html  (939 OK, 7 queued)
[2026-04-01 16:05:46]   [980 d0*] http://iworkautomation.com/keynote/automator/gfx/get-presenter-notes-03.png  (944 OK, 6 queued)
[2026-04-01 16:05:48]   [985 d0*] http://iworkautomation.com/keynote/automator/document-actions-09.html  (949 OK, 2 queued)
[2026-04-01 16:05:51]   [990 d0*] http://iworkautomation.com/keynote/automator/document-actions-04.html  (954 OK, 0 queued)
[2026-04-01 16:05:51]     +1 links (991 total known)
[2026-04-01 16:05:52] Generating index...
[2026-04-01 16:05:52] Index: 475 files
[2026-04-01 16:05:52]   .html: 187
[2026-04-01 16:05:52]   .png: 158
[2026-04-01 16:05:52]   .jpg: 126
[2026-04-01 16:05:52]   .css: 3
[2026-04-01 16:05:52]   .js: 1
[2026-04-01 16:05:52] 
============================================================
[2026-04-01 16:05:52] LIVE MIRROR COMPLETE
[2026-04-01 16:05:52] Downloaded: 991, OK: 955, Failed: 36
[2026-04-01 16:05:52] Total URLs seen: 991
[2026-04-01 16:05:52] ============================================================
[2026-04-01 16:05:52] 
Next step: fe-ingest.sh /var/folders/ly/fy8lysdn46x8hx7ybrhcmyf80000gn/T/sal-mirror-iworkautomation-sn6u0erk/iworkautomation.com
