[2026-04-01 15:25:04] ============================================================
[2026-04-01 15:25:04] LIVE MIRROR: macosxautomation.com
[2026-04-01 15:25:04] Seed: http://macosxautomation.com/
[2026-04-01 15:25:04] Seed path: /
[2026-04-01 15:25:04] Max link depth: 5
[2026-04-01 15:25:04] Output: /var/folders/ly/fy8lysdn46x8hx7ybrhcmyf80000gn/T/sal-mirror-macosxautomation-_q2b8mio/macosxautomation.com
[2026-04-01 15:25:04] ============================================================
[2026-04-01 15:25:04] Loaded 2 seed URLs
[2026-04-01 15:25:04] Crawling / (download-as-you-go)...
[2026-04-01 15:25:05]   [1 d0*] http://macosxautomation.com/about.html  (1 OK, 1 queued)
[2026-04-01 15:25:05]     +2 links (4 total known)
[2026-04-01 15:25:07]   [2 d0*] http://macosxautomation.com/sal-soghoian-360.jpg  (2 OK, 2 queued)
[2026-04-01 15:25:09]   [3 d0*] http://macosxautomation.com/sal-soghoian.jpg  (3 OK, 1 queued)
[2026-04-01 15:25:10]   [4 d0*] http://macosxautomation.com/  (4 OK, 0 queued)
[2026-04-01 15:25:10]     +23 links (27 total known)
[2026-04-01 15:25:11]   [5 d0*] https://macosxautomation.com/applescript  (5 OK, 22 queued)
[2026-04-01 15:25:11]     +16 links (43 total known)
[2026-04-01 15:25:13]   [7 d0*] https://macosxautomation.com/index.html  (6 OK, 36 queued)
[2026-04-01 15:25:13]     +15 links (58 total known)
[2026-04-01 15:25:14]   [8 d0*] https://macosxautomation.com/applescript/firsttutorial/index.html  (7 OK, 50 queued)
[2026-04-01 15:25:14]     +24 links (82 total known)
[2026-04-01 15:25:16]   [9 d0*] https://macosxautomation.com/applescript/firsttutorial/17.html  (8 OK, 73 queued)
[2026-04-01 15:25:16]     +11 links (93 total known)
[2026-04-01 15:25:27]   [20] 9 OK, 11 failed, 73 queued
[2026-04-01 15:25:27]     last fail: https://macosxautomation.com/applescript/js/lightbox.js
[2026-04-01 15:25:34]   [25 d0*] https://macosxautomation.com/applescript/firsttutorial/gfx/CH01_image12.jpg  (14 OK, 71 queued)
[2026-04-01 15:25:41]   [30 d0*] https://macosxautomation.com/applescript/firsttutorial/gfx/CH01_image08.jpg  (19 OK, 70 queued)
[2026-04-01 15:25:48]   [35 d0*] https://macosxautomation.com/applescript/firsttutorial/gfx/CH01_image06.jpg  (24 OK, 68 queued)
[2026-04-01 15:25:54]   [40 d0*] https://macosxautomation.com/mb-video/gfx/macbreakdev013.jpg  (29 OK, 83 queued)
[2026-04-01 15:25:59]   [45 d0*] https://macosxautomation.com/mb-video/gfx/macbreakdev010.jpg  (34 OK, 78 queued)
[2026-04-01 15:26:07]   [50 d0*] http://www.macosxautomation.com/training/video/index.html  (39 OK, 96 queued)
[2026-04-01 15:26:07]     +14 links (160 total known)
[2026-04-01 15:26:12]   [55 d0*] http://www.macosxautomation.com/training/gfx/training-sm-banner.jpg  (44 OK, 109 queued)
[2026-04-01 15:26:17]   [60 d0*] http://www.macosxautomation.com/training/video/gfx/peachpit019.jpg  (49 OK, 113 queued)
[2026-04-01 15:26:22]   [65 d0*] http://www.macosxautomation.com/training/video/gfx/peachpit020.jpg  (54 OK, 108 queued)
[2026-04-01 15:26:27]   [70 d0*] http://www.macosxautomation.com/main-page-gfx/CMD-D-Bug-Square.jpg  (59 OK, 128 queued)
[2026-04-01 15:26:31]   [75 d0*] http://www.macosxautomation.com/main-page-gfx/iwork-500.png  (64 OK, 125 queued)
[2026-04-01 15:26:37]   [80 d0*] http://www.macosxautomation.com/main-page-gfx/xcode-256.png  (69 OK, 120 queued)
[2026-04-01 15:26:45]   [90 d0*] http://www.macosxautomation.com/applescript/video/gfx/movie32x32.png  (75 OK, 141 queued)
[2026-04-01 15:26:50]   [95 d0*] http://www.macosxautomation.com/applescript/develop/gfx/asoc-movie-clip.jpg  (80 OK, 150 queued)
[2026-04-01 15:26:55]   [100 d0*] http://www.macosxautomation.com/applescript/develop/gfx/XCODETEMPLATEPICKER.png  (83 OK, 145 queued)
[2026-04-01 15:27:00]   [105 d0*] http://www.macosxautomation.com/applescript/features/propertylists.html  (87 OK, 147 queued)
[2026-04-01 15:27:05]   [110 d0*] http://www.macosxautomation.com/applescript/features/gfx/appearance.png  (92 OK, 151 queued)
[2026-04-01 15:27:10]   [115 d0*] http://www.macosxautomation.com/applescript/features/gfx/dock.png  (97 OK, 146 queued)
[2026-04-01 15:27:15]   [120 d0*] http://www.macosxautomation.com/applescript/features/gfx/error-before.jpg  (102 OK, 144 queued)
[2026-04-01 15:27:20]   [125 d0*] http://www.macosxautomation.com/applescript/apps/BridgePlus_Manual/Index.html  (105 OK, 155 queued)
[2026-04-01 15:27:24]   [130 d0*] http://www.macosxautomation.com/applescript/apps/BridgePlus_Manual/Pages/resourceValuesForKeys_forItemsIn_recursive_skipHidden_skipInsidePackages_.html  (110 OK, 295 queued)
[2026-04-01 15:27:29]   [135 d0*] http://www.macosxautomation.com/applescript/apps/BridgePlus_Manual/Pages/subarraysIn_asDictionariesUsingLabels_error_.html  (115 OK, 290 queued)
[2026-04-01 15:27:34]   [140 d0*] http://www.macosxautomation.com/applescript/apps/BridgePlus_Manual/Pages/acosValueOf_.html  (120 OK, 285 queued)
[2026-04-01 15:27:38]   [145 d0*] http://www.macosxautomation.com/applescript/apps/BridgePlus_Manual/Pages/findMatches_inString_options_.html  (125 OK, 280 queued)
[2026-04-01 15:27:43]   [150 d0*] http://www.macosxautomation.com/applescript/apps/BridgePlus_Manual/Pages/URLsFrom_.html  (130 OK, 275 queued)
[2026-04-01 15:27:47]   [155 d0*] http://www.macosxautomation.com/applescript/apps/BridgePlus_Manual/Pages/indexesOfItems_inArray_inverting_.html  (135 OK, 270 queued)
[2026-04-01 15:27:52]   [160 d0*] http://www.macosxautomation.com/applescript/apps/BridgePlus_Manual/Pages/ASifyFrom_.html  (140 OK, 265 queued)
[2026-04-01 15:27:56]   [165 d0*] http://www.macosxautomation.com/applescript/apps/BridgePlus_Manual/Pages/rangesOfLocalizedWordsOfString_.html  (145 OK, 260 queued)
[2026-04-01 15:28:01]   [170 d0*] http://www.macosxautomation.com/applescript/apps/BridgePlus_Manual/Pages/tanhValueOf_.html  (150 OK, 255 queued)
[2026-04-01 15:28:05]   [175 d0*] http://www.macosxautomation.com/applescript/apps/BridgePlus_Manual/Pages/rangesOfLocalizedSentencesOfString_.html  (155 OK, 250 queued)
[2026-04-01 15:28:10]   [180 d0*] http://www.macosxautomation.com/applescript/apps/BridgePlus_Manual/Pages/encodedDecimalFrom_.html  (160 OK, 245 queued)
[2026-04-01 15:28:14]   [185 d0*] http://www.macosxautomation.com/applescript/apps/BridgePlus_Manual/Pages/rangesOfLinesOfString_.html  (165 OK, 240 queued)
[2026-04-01 15:28:19]   [190 d0*] http://www.macosxautomation.com/applescript/apps/BridgePlus_Manual/Pages/resourceValuesForKeys_forFoldersIn_recursive_.html  (170 OK, 235 queued)
[2026-04-01 15:28:23]   [195 d0*] http://www.macosxautomation.com/applescript/apps/BridgePlus_Manual/Pages/URLFrom_.html  (175 OK, 230 queued)
[2026-04-01 15:28:28]   [200 d0*] http://www.macosxautomation.com/applescript/apps/BridgePlus_Manual/Pages/asinhValueOf_.html  (180 OK, 225 queued)
[2026-04-01 15:28:32]   [205 d0*] http://www.macosxautomation.com/applescript/apps/BridgePlus_Manual/Pages/encodedHexFrom_.html  (185 OK, 220 queued)
[2026-04-01 15:28:37]   [210 d0*] http://www.macosxautomation.com/applescript/apps/BridgePlus_Manual/Pages/offsetsOfRange_inString_.html  (190 OK, 215 queued)
[2026-04-01 15:28:41]   [215 d0*] http://www.macosxautomation.com/applescript/apps/BridgePlus_Manual/Pages/rangesOfString_inString_options_locale_.html  (195 OK, 210 queued)
[2026-04-01 15:28:46]   [220 d0*] http://www.macosxautomation.com/applescript/apps/BridgePlus_Manual/Pages/componentsOfColor_.html  (200 OK, 205 queued)
[2026-04-01 15:28:50]   [225 d0*] http://www.macosxautomation.com/applescript/apps/BridgePlus_Manual/Pages/subarraysFrom_groupedBy_error_.html  (205 OK, 200 queued)
[2026-04-01 15:28:55]   [230 d0*] http://www.macosxautomation.com/applescript/apps/BridgePlus_Manual/Pages/log10ValueOf_.html  (210 OK, 195 queued)
[2026-04-01 15:29:00]   [235 d0*] http://www.macosxautomation.com/applescript/apps/BridgePlus_Manual/Pages/CocoaifyFrom_forTypes_.html  (215 OK, 190 queued)
[2026-04-01 15:29:04]   [240 d0*] http://www.macosxautomation.com/applescript/apps/BridgePlus_Manual/Pages/arrayByFullyFlattening_.html  (220 OK, 185 queued)
[2026-04-01 15:29:09]   [245 d0*] http://www.macosxautomation.com/applescript/apps/BridgePlus_Manual/Pages/arrayWithPattern_startNumber_endNumber_minDigits_.html  (225 OK, 180 queued)
[2026-04-01 15:29:13]   [250 d0*] http://www.macosxautomation.com/applescript/apps/BridgePlus_Manual/Pages/findFirstMatch_inString_options_.html  (230 OK, 175 queued)
[2026-04-01 15:29:18]   [255 d0*] http://www.macosxautomation.com/applescript/apps/BridgePlus_Manual/Pages/sentenceCountOfString_.html  (235 OK, 170 queued)
[2026-04-01 15:29:22]   [260 d0*] http://www.macosxautomation.com/applescript/apps/BridgePlus_Manual/Pages/rangesOfCharactersOfString_.html  (240 OK, 165 queued)
[2026-04-01 15:29:27]   [265 d0*] http://www.macosxautomation.com/applescript/apps/BridgePlus_Manual/Pages/arrayByAddingInteger_inArray_.html  (245 OK, 160 queued)
[2026-04-01 15:29:31]   [270 d0*] http://www.macosxautomation.com/applescript/apps/BridgePlus_Manual/Pages/decodedDecimalFrom_.html  (250 OK, 155 queued)
[2026-04-01 15:29:36]   [275 d0*] http://www.macosxautomation.com/applescript/apps/helpers.html  (254 OK, 150 queued)
[2026-04-01 15:29:40]   [280 d0*] http://www.macosxautomation.com/applescript/apps/applescript.css  (259 OK, 145 queued)
[2026-04-01 15:29:46]   [285 d0*] http://www.macosxautomation.com/applescript/apps/gfx/Script_Geek.png  (264 OK, 142 queued)
[2026-04-01 15:29:52]   [290 d0*] http://www.macosxautomation.com/applescript/firsttutorial/gfx/CH01_image19.jpg  (269 OK, 138 queued)
[2026-04-01 15:29:55]   [295 d0*] http://www.macosxautomation.com/applescript/firsttutorial/17.html  (274 OK, 134 queued)
[2026-04-01 15:30:00]   [300] 274 OK, 26 failed, 135 queued
[2026-04-01 15:30:00]     last fail: http://www.macosxautomation.com/itunes/
[2026-04-01 15:30:04]   [305 d0*] http://www.macosxautomation.com/mb-video/index.html  (278 OK, 133 queued)
[2026-04-01 15:30:09]   [310 d0*] http://www.macosxautomation.com/services/learn/tut01/gfx/templatechooser.png  (283 OK, 171 queued)
[2026-04-01 15:30:14]   [315 d0*] http://www.macosxautomation.com/services/learn/tut01/gfx/inputsettings.png  (288 OK, 166 queued)
[2026-04-01 15:30:20]   [320 d0*] http://www.macosxautomation.com/services/learn/tut03/gfx/cat2sort.jpg  (293 OK, 170 queued)
[2026-04-01 15:30:25]   [325 d0*] http://www.macosxautomation.com/services/learn/tut03/gfx/input-settings.jpg  (298 OK, 165 queued)
[2026-04-01 15:30:31]   [330 d0*] http://www.macosxautomation.com/services/learn/tut02/gfx/templatechoosertrimmed.jpg  (303 OK, 170 queued)
[2026-04-01 15:30:37]   [335 d0*] http://www.macosxautomation.com/services/learn/tut02/gfx/setactionparameters.jpg  (308 OK, 165 queued)
[2026-04-01 15:30:42]   [340 d0*] http://www.macosxautomation.com/services/learn/tut04/gfx/HUD-facebook.png  (313 OK, 173 queued)
[2026-04-01 15:30:49]   [345 d0*] http://www.macosxautomation.com/services/learn/tut04/gfx/editsecondaction-02.jpg  (318 OK, 168 queued)
[2026-04-01 15:30:55]   [350 d0*] http://www.macosxautomation.com/services/learn/tut04/gfx/dragaction.jpg  (323 OK, 163 queued)
[2026-04-01 15:30:59]   [355 d0*] http://www.macosxautomation.com/services/gfx/serviceworkflow.png  (328 OK, 158 queued)
[2026-04-01 15:31:03]   [360 d0*] http://www.macosxautomation.com/lion/gfx/lioncallout.jpg  (333 OK, 155 queued)
[2026-04-01 15:31:08]   [365 d0*] http://www.macosxautomation.com/lion/gfx/terminalproxydragresults.jpg  (338 OK, 168 queued)
[2026-04-01 15:31:15]   [370 d0*] http://www.macosxautomation.com/lion/gfx/terminalimagebackground.jpg  (343 OK, 163 queued)
[2026-04-01 15:31:20]   [375 d0*] http://www.macosxautomation.com/lion/gfx/terminalpathdragresults.jpg  (348 OK, 158 queued)
[2026-04-01 15:31:25]   [380 d0*] http://macosxautomation.com/applescript/develop/transcription.html  (353 OK, 179 queued)
[2026-04-01 15:31:28]   [385 d0*] http://macosxautomation.com/applescript/resources.html  (358 OK, 174 queued)
[2026-04-01 15:31:32]   [390 d0*] http://macosxautomation.com/mb-video/gfx/macbreakdev008.jpg  (363 OK, 186 queued)
[2026-04-01 15:31:35]   [395 d0*] http://macosxautomation.com/services/gfx/serviceworkflow.png  (368 OK, 196 queued)
[2026-04-01 15:31:37]   [400 d0*] http://macosxautomation.com/services/learn/tut03/gfx/sortedlist.png  (373 OK, 206 queued)
[2026-04-01 15:31:40]   [405 d0*] http://macosxautomation.com/services/learn/tut03/gfx/inputsettingsannotated-01.jpg  (378 OK, 201 queued)
[2026-04-01 15:31:42]   [410 d0*] http://macosxautomation.com/services/learn/tut01/gfx/keystrokeassign.png  (383 OK, 204 queued)
[2026-04-01 15:31:45]   [415 d0*] http://macosxautomation.com/services/learn/tut01/gfx/addedaction.png  (388 OK, 199 queued)
[2026-04-01 15:31:47]   [420 d0*] http://macosxautomation.com/services/learn/tut04/gfx/inputdialog-01.jpg  (393 OK, 207 queued)
[2026-04-01 15:31:50]   [425 d0*] http://macosxautomation.com/services/learn/tut04/gfx/HUD-twitter.png  (398 OK, 202 queued)
[2026-04-01 15:31:52]   [430 d0*] http://macosxautomation.com/services/learn/tut04/gfx/templatechoosertrimmed.jpg  (403 OK, 197 queued)
[2026-04-01 15:31:55]   [435 d0*] http://macosxautomation.com/services/learn/tut02/gfx/addaction.jpg  (408 OK, 202 queued)
[2026-04-01 15:31:57]   [440 d0*] http://macosxautomation.com/services/learn/tut02/gfx/setactionparameters.jpg  (413 OK, 197 queued)
[2026-04-01 15:32:00]   [445 d0*] http://macosxautomation.com/services/resources.html  (418 OK, 192 queued)
[2026-04-01 15:32:05]   [450 d0*] http://macosxautomation.com/services/video/services-001.html  (423 OK, 189 queued)
[2026-04-01 15:32:11]   [455 d0*] http://macosxautomation.com/services/download/index.html  (428 OK, 184 queued)
[2026-04-01 15:32:16]   [460 d0*] http://macosxautomation.com/services/gfx/qtmovie72x72.gif  (433 OK, 183 queued)
[2026-04-01 15:32:20]   [465 d0*] http://macosxautomation.com/mb-video/gfx/macbreakdev004.jpg  (438 OK, 181 queued)
[2026-04-01 15:32:25]   [470 d0*] http://macosxautomation.com/automator/omnijs.css  (442 OK, 205 queued)
[2026-04-01 15:32:29]   [475 d0*] http://macosxautomation.com/automator/3rd-party-actions.html  (447 OK, 200 queued)
[2026-04-01 15:32:35]   [480 d0*] http://macosxautomation.com/automator/print/index.html  (450 OK, 199 queued)
[2026-04-01 15:32:35]     +8 links (687 total known)
[2026-04-01 15:32:42]   [485 d0*] http://macosxautomation.com/automator/print/gfx/print-plugin-workflow-window.png  (454 OK, 202 queued)
[2026-04-01 15:32:49]   [490 d0*] http://macosxautomation.com/automator/folder-action/gfx/folder-actions-dispatcher-access-list.png  (458 OK, 208 queued)
[2026-04-01 15:32:57]   [495 d0*] http://macosxautomation.com/automator/folder-action/gfx/accessibility-access-list.png  (462 OK, 208 queued)
[2026-04-01 15:33:04]   [500 d0*] http://macosxautomation.com/automator/folder-action/folder-actions-setup.html  (466 OK, 203 queued)
[2026-04-01 15:33:04]     +4 links (707 total known)
[2026-04-01 15:33:12]   [505 d0*] http://macosxautomation.com/automator/folder-action/gfx/open-workflow-dialog.png  (471 OK, 202 queued)
[2026-04-01 15:33:18]   [510 d0*] http://macosxautomation.com/automator/security.html  (476 OK, 197 queued)
[2026-04-01 15:33:18]     +8 links (715 total known)
[2026-04-01 15:33:26]   [515 d0*] http://macosxautomation.com/automator/gfx/security-dialog-open-app-first-time.png  (481 OK, 200 queued)
[2026-04-01 15:33:32]   [520 d0*] http://macosxautomation.com/automator/gfx/services-nav.png  (485 OK, 195 queued)
[2026-04-01 15:33:36]   [525 d0*] http://macosxautomation.com/automator/gfx/dictation-command-nav.png  (488 OK, 193 queued)
[2026-04-01 15:33:43]   [530 d0*] http://macosxautomation.com/automator/services/gfx/example-workflow.png  (493 OK, 216 queued)
[2026-04-01 15:33:50]   [535 d0*] http://macosxautomation.com/automator/services/gfx/text-image-36x36@144.png  (498 OK, 211 queued)
[2026-04-01 15:33:55]   [540] 502 OK, 38 failed, 206 queued
[2026-04-01 15:33:55]     last fail: http://macosxautomation.com/automator/services/apple-touch-icon.png
[2026-04-01 15:34:02]   [545 d0*] http://macosxautomation.com/automator/services/gfx/scmiu-02.png  (506 OK, 206 queued)
[2026-04-01 15:34:08]   [550 d0*] http://macosxautomation.com/automator/services/gfx/explore-36x36@144.png  (511 OK, 201 queued)
[2026-04-01 15:34:13]   [555 d0*] http://macosxautomation.com/automator/services/extensions.html  (516 OK, 196 queued)
[2026-04-01 15:34:21]   [560 d0*] http://macosxautomation.com/automator/services/gfx/finder-gallery-view-qa.png  (521 OK, 199 queued)
[2026-04-01 15:34:28]   [565 d0*] http://macosxautomation.com/automator/services/gfx/export-photos-36x36@144.png  (526 OK, 194 queued)
[2026-04-01 15:34:34]   [570 d0*] http://macosxautomation.com/automator/services/gfx/customize-touchbar-options.png  (531 OK, 193 queued)
[2026-04-01 15:34:42]   [575 d0*] http://macosxautomation.com/automator/calendar/gfx/meeting-notes-security-pref-pane.png  (536 OK, 202 queued)
[2026-04-01 15:34:50]   [580 d0*] http://macosxautomation.com/automator/calendar/gfx/meeting-notes-security-dialog.png  (540 OK, 197 queued)
[2026-04-01 15:34:56]   [585 d0*] http://macosxautomation.com/automator/calendar/gfx/edited-meeting.png  (544 OK, 192 queued)
[2026-04-01 15:35:02]   [590 d0*] http://macosxautomation.com/automator/gfx/image-capture-plugin-nav-active.png  (547 OK, 190 queued)
[2026-04-01 15:35:07]   [595 d0*] http://macosxautomation.com/automator/application/gfx/speech-prefs.png  (551 OK, 193 queued)
[2026-04-01 15:35:16]   [600 d0*] http://macosxautomation.com/automator/application/gfx/security-dialog.png  (556 OK, 188 queued)
[2026-04-01 15:35:27]   [610 d0*] http://macosxautomation.com/automator/gfx/image-capture-plugin-nav.png  (563 OK, 183 queued)
[2026-04-01 15:35:35]   [615 d0*] http://macosxautomation.com/automator/gfx/accessibility-01.png  (568 OK, 183 queued)
[2026-04-01 15:35:41]   [620 d0*] http://macosxautomation.com/automator/gfx/workflow-nav-active.png  (573 OK, 189 queued)
[2026-04-01 15:35:49]   [625 d0*] http://macosxautomation.com/automator/workflow/gfx/script-menu.png  (578 OK, 184 queued)
[2026-04-01 15:35:55]   [630 d0*] http://macosxautomation.com/mb-video/gfx/macbreakdev013.jpg  (581 OK, 179 queued)
[2026-04-01 15:35:58]   [635 d0*] http://macosxautomation.com/applescript/features/unicode.html  (586 OK, 174 queued)
[2026-04-01 15:36:01]   [640] 590 OK, 50 failed, 177 queued
[2026-04-01 15:36:01]     last fail: http://macosxautomation.com/applescript/features/applescript.css
[2026-04-01 15:36:03]   [645 d0*] http://macosxautomation.com/applescript/features/system-prefs.html  (595 OK, 175 queued)
[2026-04-01 15:36:06]   [650 d0*] http://macosxautomation.com/applescript/features/gfx/dock.png  (600 OK, 179 queued)
[2026-04-01 15:36:08]   [655 d0*] http://macosxautomation.com/applescript/features/propertylists.html  (605 OK, 174 queued)
[2026-04-01 15:36:11]   [660 d0*] http://macosxautomation.com/gfx-main/Numbers-AppleScript-512.png  (610 OK, 172 queued)
[2026-04-01 15:36:15]   [665 d0*] http://macosxautomation.com/applescript/accountswitcher/gfx/Accounts32x32.png  (615 OK, 205 queued)
[2026-04-01 15:36:20]   [670 d0*] http://macosxautomation.com/applescript/features/  (619 OK, 207 queued)
[2026-04-01 15:36:25]   [675 d0*] http://macosxautomation.com/applescript/duplicatefiles/gfx/duplicate32x32.png  (624 OK, 202 queued)
[2026-04-01 15:36:30]   [680 d0*] http://macosxautomation.com/applescript/linktrigger/WebpageHelper32x32.png  (628 OK, 199 queued)
[2026-04-01 15:36:35]   [685 d0*] http://macosxautomation.com/applescript/aperture/caption/agreement.html  (633 OK, 200 queued)
[2026-04-01 15:36:40]   [690 d0*] http://macosxautomation.com/applescript/duplicatefiles/gfx/splashdialog.png  (637 OK, 197 queued)
[2026-04-01 15:36:46]   [695 d0*] http://macosxautomation.com/applescript/aperture/indesign/gfx/opendialog02.png  (641 OK, 203 queued)
[2026-04-01 15:36:51]   [700 d0*] http://macosxautomation.com/applescript/aperture/indesign/agreement.html  (645 OK, 198 queued)
[2026-04-01 15:36:59]   [705 d0*] http://macosxautomation.com/applescript/aperture/indesign/gfx/opendialog.png  (650 OK, 193 queued)
[2026-04-01 15:37:04]   [710 d0*] http://macosxautomation.com/applescript/quickviewer/agreement.html  (655 OK, 193 queued)
[2026-04-01 15:37:10]   [715 d0*] http://macosxautomation.com/applescript/datapublish/gfx/adbuilder02.png  (659 OK, 200 queued)
[2026-04-01 15:37:16]   [720 d0*] http://macosxautomation.com/applescript/datapublish/gfx/office2008lm_screen_expression.jpg  (663 OK, 195 queued)
[2026-04-01 15:37:22]   [725 d0*] http://macosxautomation.com/applescript/datapublish/gfx/finished.png  (667 OK, 190 queued)
[2026-04-01 15:37:27]   [730 d0*] http://macosxautomation.com/applescript/toolbar/gfx/services.jpg  (672 OK, 191 queued)
[2026-04-01 15:37:32]   [735 d0*] http://macosxautomation.com/applescript/selfpreso/gfx/howitworks.jpg  (676 OK, 190 queued)
[2026-04-01 15:37:37]   [740 d0*] http://macosxautomation.com/applescript/selfpreso/gfx/Play32x32.png  (680 OK, 185 queued)
[2026-04-01 15:37:42]   [745 d0*] http://macosxautomation.com/applescript/qwikwidget/gfx/widget-works.png  (684 OK, 184 queued)
[2026-04-01 15:37:52]   [755 d0*] http://macosxautomation.com/applescript/aperture/pdf/agreement.html  (693 OK, 182 queued)
[2026-04-01 15:37:56]   [760] 694 OK, 66 failed, 183 queued
[2026-04-01 15:37:56]     last fail: http://macosxautomation.com/applescript/mmousemenu/applescript.css
[2026-04-01 15:38:01]   [765 d0*] http://macosxautomation.com/applescript/mainstage/agreement.html  (699 OK, 184 queued)
[2026-04-01 15:38:17]   [770 d0*] http://macosxautomation.com/applescript/mainstage/gfx/link.png  (703 OK, 180 queued)
[2026-04-01 15:38:22]   [775 d0*] http://macosxautomation.com/applescript/bundletools/gfx/bundletools.png  (707 OK, 180 queued)
[2026-04-01 15:38:27]   [780 d0*] http://macosxautomation.com/applescript/itunesurl/gfx/twitterdialog03.png  (712 OK, 185 queued)
[2026-04-01 15:38:32]   [785 d0*] http://macosxautomation.com/applescript/itunesurl/gfx/facebookinput.jpg  (717 OK, 180 queued)
[2026-04-01 15:38:37]   [790 d0*] http://macosxautomation.com/applescript/aperture/publish/smartsettings.jpg  (721 OK, 184 queued)
[2026-04-01 15:38:42]   [795 d0*] http://macosxautomation.com/applescript/aperture/publish/smith-wed-01/PoweredByMacOSX.gif  (726 OK, 204 queued)
[2026-04-01 15:38:48]   [800 d0*] http://macosxautomation.com/applescript/aperture/publish/smith-wed-01/lightbox-files/prototype.js  (731 OK, 199 queued)
[2026-04-01 15:38:53]   [805 d0*] http://macosxautomation.com/applescript/aperture/publish/smith-wed-01/lightbox-files/lightbox.js  (736 OK, 194 queued)
[2026-04-01 15:38:58]   [810 d0*] http://macosxautomation.com/applescript/aperture/publish/smith-wed-01/images/thumbs/helloworld-0004_TH.jpg  (741 OK, 189 queued)
[2026-04-01 15:39:05]   [815 d0*] http://macosxautomation.com/applescript/aperture/publish/smith-wed-01/images/thumbs/helloworld-0009_TH.jpg  (746 OK, 184 queued)
[2026-04-01 15:39:10]   [820 d0*] http://macosxautomation.com/applescript/aperture/publish/smith-wed-01/images/thumbs/helloworld-0012_TH.jpg  (751 OK, 187 queued)
[2026-04-01 15:39:16]   [825 d0*] http://macosxautomation.com/applescript/aperture/publish/maillink.jpg  (756 OK, 182 queued)
[2026-04-01 15:39:21]   [830 d0*] http://macosxautomation.com/applescript/aperture/publish/app.png  (760 OK, 177 queued)
[2026-04-01 15:39:31]   [840 d0*] http://macosxautomation.com/applescript/sbrt/sbrt-00.html  (769 OK, 183 queued)
[2026-04-01 15:39:36]   [845 d0*] http://macosxautomation.com/applescript/sbrt/sbrt-09.html  (774 OK, 179 queued)
[2026-04-01 15:39:42]   [850 d0*] http://macosxautomation.com/applescript/sbrt/gfx/cgi.jpg  (779 OK, 175 queued)
[2026-04-01 15:39:46]   [855 d0*] http://macosxautomation.com/applescript/imageevents/index.html  (784 OK, 170 queued)
[2026-04-01 15:39:52]   [860 d0*] http://macosxautomation.com/applescript/imageevents/gfx/23_image13.png  (789 OK, 181 queued)
[2026-04-01 15:39:59]   [865 d0*] http://macosxautomation.com/applescript/imageevents/gfx/23_image09.png  (794 OK, 181 queued)
[2026-04-01 15:40:05]   [870 d0*] http://macosxautomation.com/applescript/imageevents/01.html  (799 OK, 176 queued)
[2026-04-01 15:40:05]     +2 links (1048 total known)
[2026-04-01 15:40:10]   [875 d0*] http://macosxautomation.com/applescript/imageevents/09.html  (804 OK, 173 queued)
[2026-04-01 15:40:16]   [880 d0*] http://macosxautomation.com/applescript/imageevents/gfx/orangepad.jpg  (809 OK, 176 queued)
[2026-04-01 15:40:21]   [885 d0*] http://macosxautomation.com/applescript/imageevents/04.html  (814 OK, 171 queued)
[2026-04-01 15:40:27]   [890 d0*] http://macosxautomation.com/applescript/imageevents/03.html  (819 OK, 170 queued)
[2026-04-01 15:40:27]     +2 links (1062 total known)
[2026-04-01 15:40:32]   [895 d0*] http://www.macosxautomation.com/lion/gfx/tellappmenu.jpg  (823 OK, 167 queued)
[2026-04-01 15:40:35]   [900 d0*] http://macosxautomation.com/applescript/apps/BridgePlus_Manual/Index.html  (826 OK, 177 queued)
[2026-04-01 15:40:35]     +145 links (1222 total known)
[2026-04-01 15:40:38]   [905 d0*] http://macosxautomation.com/applescript/apps/BridgePlus_Manual/Pages/encodedDecimalFrom_.html  (831 OK, 317 queued)
[2026-04-01 15:40:40]   [910 d0*] http://macosxautomation.com/applescript/apps/BridgePlus_Manual/Pages/bezierForAI_.html  (836 OK, 312 queued)
[2026-04-01 15:40:43]   [915 d0*] http://macosxautomation.com/applescript/apps/BridgePlus_Manual/Pages/wordCountOfString_.html  (841 OK, 307 queued)
[2026-04-01 15:40:46]   [920 d0*] http://macosxautomation.com/applescript/apps/BridgePlus_Manual/Pages/dateValuesFrom_.html  (846 OK, 302 queued)
[2026-04-01 15:40:48]   [925 d0*] http://macosxautomation.com/applescript/apps/BridgePlus_Manual/Pages/passForGenericItem_account_error_.html  (851 OK, 297 queued)
[2026-04-01 15:40:51]   [930 d0*] http://macosxautomation.com/applescript/apps/BridgePlus_Manual/Pages/smartQuotedFrom_.html  (856 OK, 292 queued)
[2026-04-01 15:40:53]   [935 d0*] http://macosxautomation.com/applescript/apps/BridgePlus_Manual/Pages/encodedHexFrom_.html  (861 OK, 287 queued)
[2026-04-01 15:40:56]   [940 d0*] http://macosxautomation.com/applescript/apps/BridgePlus_Manual/Pages/wordsOfString_.html  (866 OK, 282 queued)
[2026-04-01 15:40:58]   [945 d0*] http://macosxautomation.com/applescript/apps/BridgePlus_Manual/Pages/fordEvent.html  (871 OK, 277 queued)
[2026-04-01 15:41:01]   [950 d0*] http://macosxautomation.com/applescript/apps/BridgePlus_Manual/Pages/subarraysIn_sortedByIndexes_ascending_sortTypes_error_.html  (876 OK, 272 queued)
[2026-04-01 15:41:03]   [955 d0*] http://macosxautomation.com/applescript/apps/BridgePlus_Manual/Pages/decodedDecimalFrom_.html  (881 OK, 267 queued)
[2026-04-01 15:41:06]   [960 d0*] http://macosxautomation.com/applescript/apps/BridgePlus_Manual/Pages/subarraysIn_asDictionariesUsingLabels_error_.html  (886 OK, 262 queued)
[2026-04-01 15:41:08]   [965 d0*] http://macosxautomation.com/applescript/apps/BridgePlus_Manual/Pages/logValueOf_.html  (891 OK, 257 queued)
[2026-04-01 15:41:11]   [970 d0*] http://macosxautomation.com/applescript/apps/BridgePlus_Manual/Pages/rangesOfLocalizedSentencesOfString_.html  (896 OK, 252 queued)
[2026-04-01 15:41:13]   [975 d0*] http://macosxautomation.com/applescript/apps/BridgePlus_Manual/Pages/filesIn_recursive_asPaths_.html  (901 OK, 247 queued)
[2026-04-01 15:41:16]   [980 d0*] http://macosxautomation.com/applescript/apps/BridgePlus_Manual/Pages/charactersOfString_.html  (906 OK, 242 queued)
[2026-04-01 15:41:18]   [985 d0*] http://macosxautomation.com/applescript/apps/BridgePlus_Manual/Pages/locationOfCharacterAt_inString_.html  (911 OK, 237 queued)
[2026-04-01 15:41:21]   [990 d0*] http://macosxautomation.com/applescript/apps/BridgePlus_Manual/Pages/runSpotlightQuery_queryValues_inFolders_error_.html  (916 OK, 232 queued)
[2026-04-01 15:41:24]   [995 d0*] http://macosxautomation.com/applescript/apps/BridgePlus_Manual/Pages/unencodedForXMLFrom_.html  (921 OK, 227 queued)
[2026-04-01 15:41:26]   [1000 d0*] http://macosxautomation.com/applescript/apps/BridgePlus_Manual/Pages/ASifyFrom_.html  (926 OK, 222 queued)
[2026-04-01 15:41:29]   [1005 d0*] http://macosxautomation.com/applescript/apps/BridgePlus_Manual/Pages/passForGenericItem_account_keychainPath_error_.html  (931 OK, 217 queued)
[2026-04-01 15:41:31]   [1010 d0*] http://macosxautomation.com/applescript/apps/BridgePlus_Manual/Pages/sumMaxMinOf_error_.html  (936 OK, 212 queued)
[2026-04-01 15:41:34]   [1015 d0*] http://macosxautomation.com/applescript/apps/BridgePlus_Manual/Pages/stringsOfString_inString_options_locale_.html  (941 OK, 207 queued)
[2026-04-01 15:41:36]   [1020 d0*] http://macosxautomation.com/applescript/apps/BridgePlus_Manual/Pages/localizedSentenceCountOfString_.html  (946 OK, 202 queued)
[2026-04-01 15:41:39]   [1025 d0*] http://macosxautomation.com/applescript/apps/BridgePlus_Manual/Pages/subarraysIn_withItems_insertedAtIndex_error_.html  (951 OK, 197 queued)
[2026-04-01 15:41:41]   [1030 d0*] http://macosxautomation.com/applescript/apps/BridgePlus_Manual/Pages/linesOfString_.html  (956 OK, 192 queued)
[2026-04-01 15:41:44]   [1035 d0*] http://macosxautomation.com/applescript/apps/BridgePlus_Manual/Pages/resourceValuesForKeys_forFilesIn_recursive_.html  (961 OK, 187 queued)
[2026-04-01 15:41:46]   [1040 d0*] http://macosxautomation.com/applescript/apps/BridgePlus_Manual/Pages/itemsIn_recursive_skipHidden_skipInsidePackages_asPaths_.html  (966 OK, 182 queued)
[2026-04-01 15:41:49]   [1045 d0*] http://macosxautomation.com/applescript/apps/BridgePlus_Manual/Pages/passForInternetItem_account_server_path_port_error_.html  (971 OK, 177 queued)
[2026-04-01 15:41:51]   [1050 d0*] http://macosxautomation.com/applescript/apps/lightbox.css  (976 OK, 172 queued)
[2026-04-01 15:41:54]   [1055 d0*] http://macosxautomation.com/applescript/apps/lightbox.js  (981 OK, 169 queued)
[2026-04-01 15:41:58]   [1060 d0*] http://www.macosxautomation.com/lion/gfx/cocoaappletmenuitem.jpg  (986 OK, 164 queued)
[2026-04-01 15:42:04]   [1065 d0*] http://www.macosxautomation.com/lion/gfx/tellappmenuuse.png  (991 OK, 159 queued)
[2026-04-01 15:42:10]   [1070 d0*] http://www.macosxautomation.com/lion/gfx/webcontent.png  (994 OK, 179 queued)
[2026-04-01 15:42:15]   [1075 d0*] http://www.macosxautomation.com/lion/annotatedversion/gfx/annotationservicemenu.jpg  (999 OK, 179 queued)
[2026-04-01 15:42:21]   [1080 d0*] http://www.macosxautomation.com/lion/encodemedia/gfx/encodemedia-num.jpg  (1004 OK, 179 queued)
[2026-04-01 15:42:26]   [1085 d0*] http://www.macosxautomation.com/lion/gfx/specialfoldersmenu.png  (1009 OK, 174 queued)
[2026-04-01 15:42:32]   [1090 d0*] http://www.macosxautomation.com/lion/epub/simplebook/MadTeaParty.epub  (1014 OK, 192 queued)
[2026-04-01 15:42:38]   [1095 d0*] http://www.macosxautomation.com/lion/epub/simplebook/gfx/actioninterfacecomplete.jpg  (1019 OK, 187 queued)
[2026-04-01 15:42:46]   [1100 d0*] http://www.macosxautomation.com/lion/epub/gfx-demo/01.jpg  (1024 OK, 199 queued)
[2026-04-01 15:42:52]   [1105 d0*] http://www.macosxautomation.com/lion/epub/gfx-demo/cover.jpg  (1029 OK, 194 queued)
[2026-04-01 15:42:57]   [1110 d0*] http://www.macosxautomation.com/lion/epub/gfx-demo/09.jpg  (1034 OK, 189 queued)
[2026-04-01 15:43:03]   [1115 d0*] http://www.macosxautomation.com/lion/epub/gfx-demo/06.png  (1039 OK, 184 queued)
[2026-04-01 15:43:08]   [1120] 1043 OK, 77 failed, 179 queued
[2026-04-01 15:43:08]     last fail: http://www.macosxautomation.com/lion/encodemedia.html
[2026-04-01 15:43:14]   [1125 d0*] http://www.macosxautomation.com/lion/epub/gfx/workflow-bookwithclipboardcontents.png  (1048 OK, 178 queued)
[2026-04-01 15:43:19]   [1130 d0*] http://www.macosxautomation.com/lion/epub/gfx/epub_logo_color.jpg  (1052 OK, 173 queued)
[2026-04-01 15:43:26]   [1135 d0*] http://www.macosxautomation.com/lion/createbanner/gfx/download.png  (1057 OK, 173 queued)
[2026-04-01 15:43:32]   [1140 d0*] http://www.macosxautomation.com/lion/gfx/encodetompegaudio.png  (1062 OK, 168 queued)
[2026-04-01 15:43:37]   [1145 d0*] http://www.macosxautomation.com/lion/websitepopup/gfx/download.png  (1067 OK, 174 queued)
[2026-04-01 15:43:44]   [1150 d0*] http://www.macosxautomation.com/lion/websitepopup/gfx/twittermobilewindows.png  (1072 OK, 169 queued)
[2026-04-01 15:43:51]   [1155 d0*] http://www.macosxautomation.com/lion/gfx/missinglibraryfolder.png  (1077 OK, 164 queued)
[2026-04-01 15:43:56]   [1160 d0*] http://www.macosxautomation.com/lion/encodeaudio/gfx/encodeaudiooptions.jpg  (1082 OK, 162 queued)
[2026-04-01 15:44:02]   [1165 d0*] http://www.macosxautomation.com/lion/gfx/richtextinput.png  (1087 OK, 157 queued)
[2026-04-01 15:44:08]   [1170 d0*] http://www.macosxautomation.com/lion/webcontent/gfx/workflow02.png  (1092 OK, 156 queued)
[2026-04-01 15:44:11]   [1175 d0*] http://www.macosxautomation.com/services/gfx/IMAGE-02.png  (1097 OK, 151 queued)
[2026-04-01 15:44:14]   [1180 d0*] http://www.macosxautomation.com/services/download/gfx/ToolbarDownloadsFolderIcon36x36.png  (1102 OK, 150 queued)
[2026-04-01 15:44:16]   [1185 d0*] http://www.macosxautomation.com/services/video/services-001.html  (1107 OK, 145 queued)
[2026-04-01 15:44:19]   [1190 d0*] http://www.macosxautomation.com/mb-video/gfx/macbreakdev005.jpg  (1112 OK, 140 queued)
[2026-04-01 15:44:24]   [1200 d0*] http://www.macosxautomation.com/automator/gfx/security-dialog-open-app-first-time.png  (1121 OK, 169 queued)
[2026-04-01 15:44:27]   [1205 d0*] http://www.macosxautomation.com/automator/calendar/index.html  (1126 OK, 164 queued)
[2026-04-01 15:44:33]   [1215 d0*] http://www.macosxautomation.com/automator/calendar/gfx/meeting-notes-security-pref-pane.png  (1134 OK, 168 queued)
[2026-04-01 15:44:35]   [1220 d0*] http://www.macosxautomation.com/automator/omnijs.css  (1139 OK, 163 queued)
[2026-04-01 15:44:38]   [1225 d0*] http://www.macosxautomation.com/automator/application/gfx/speech-prefs.png  (1143 OK, 166 queued)
[2026-04-01 15:44:41]   [1230 d0*] http://www.macosxautomation.com/automator/gfx/services-nav.png  (1147 OK, 161 queued)
[2026-04-01 15:44:44]   [1235 d0*] http://www.macosxautomation.com/automator/folder-action/gfx/folder-actions-setup-window.png  (1152 OK, 171 queued)
[2026-04-01 15:44:46]   [1240 d0*] http://www.macosxautomation.com/automator/folder-action/auto-approval-applet.html  (1156 OK, 166 queued)
[2026-04-01 15:44:46]     +5 links (1411 total known)
[2026-04-01 15:44:49]   [1245 d0*] http://www.macosxautomation.com/automator/folder-action/gfx/accessibility-access-list.png  (1161 OK, 166 queued)
[2026-04-01 15:44:52]   [1250 d0*] http://www.macosxautomation.com/automator/folder-action/gfx/folder-actions-dispatcher-access-list.png  (1165 OK, 161 queued)
[2026-04-01 15:44:55]   [1255 d0*] http://www.macosxautomation.com/automator/print/gfx/map-window.jpg  (1169 OK, 164 queued)
[2026-04-01 15:44:58]   [1260 d0*] http://www.macosxautomation.com/automator/gfx/print-plugin-nav-active.png  (1173 OK, 159 queued)
[2026-04-01 15:45:02]   [1265 d0*] http://www.macosxautomation.com/automator/gfx/enable-3rd-party-actions.png  (1176 OK, 156 queued)
[2026-04-01 15:45:04]   [1270 d0*] http://www.macosxautomation.com/automator/services/gfx/services-workflow-04.png  (1181 OK, 179 queued)
[2026-04-01 15:45:07]   [1275 d0*] http://www.macosxautomation.com/automator/services/gfx/keyboard-settings-services.png  (1186 OK, 179 queued)
[2026-04-01 15:45:09]   [1280 d0*] http://www.macosxautomation.com/automator/services/gfx/DRAFT-RED.png  (1191 OK, 174 queued)
[2026-04-01 15:45:12]   [1285 d0*] http://www.macosxautomation.com/automator/services/gfx/finder-list-view-qa.png  (1196 OK, 176 queued)
[2026-04-01 15:45:14]   [1290 d0*] http://www.macosxautomation.com/automator/services/gfx/services-folder.png  (1201 OK, 171 queued)
[2026-04-01 15:45:17]   [1295 d0*] http://www.macosxautomation.com/automator/services/gfx/services-workflow-03.png  (1205 OK, 166 queued)
[2026-04-01 15:45:20]   [1300 d0*] http://www.macosxautomation.com/automator/services/gfx/book-36x36@144.png  (1209 OK, 161 queued)
[2026-04-01 15:45:23]   [1305 d0*] http://www.macosxautomation.com/automator/services/gfx/services-workflow-02.png  (1214 OK, 156 queued)
[2026-04-01 15:45:25]   [1310 d0*] http://www.macosxautomation.com/automator/services/gfx/scmiu-01.png  (1219 OK, 156 queued)
[2026-04-01 15:45:28]   [1315 d0*] http://www.macosxautomation.com/automator/gfx/workflow-nav-active.png  (1224 OK, 161 queued)
[2026-04-01 15:45:31]   [1320] 1228 OK, 92 failed, 156 queued
[2026-04-01 15:45:31]     last fail: http://www.macosxautomation.com/automator/workflow/apple-touch-icon.png
[2026-04-01 15:45:33]   [1325 d0*] http://www.macosxautomation.com/automator/script-table.css  (1232 OK, 151 queued)
[2026-04-01 15:45:36]   [1330 d0*] http://www.macosxautomation.com/automator/utilities/index.html  (1236 OK, 146 queued)
[2026-04-01 15:45:36]     +5 links (1481 total known)
[2026-04-01 15:45:42]   [1340 d0*] http://www.macosxautomation.com/automator/apple-touch-icon.png  (1244 OK, 142 queued)
[2026-04-01 15:45:46]   [1345 d0*] http://www.macosxautomation.com/automator/image-capture/index.html  (1247 OK, 140 queued)
[2026-04-01 15:45:49]   [1350 d0*] http://www.macosxautomation.com/automator/gfx/servicesui-granting-dialog.png  (1250 OK, 143 queued)
[2026-04-01 15:45:51]   [1355 d0*] http://www.macosxautomation.com/gfx-main/automation-sm-banner.png  (1255 OK, 138 queued)
[2026-04-01 15:45:54]   [1360 d0*] http://www.macosxautomation.com/apple-video/index.html  (1260 OK, 133 queued)
[2026-04-01 15:45:54]     +3 links (1496 total known)
[2026-04-01 15:45:57]   [1365 d0*] http://www.macosxautomation.com/applescript/firsttutorial/18.html  (1265 OK, 131 queued)
[2026-04-01 15:46:00]   [1370 d0*] http://www.macosxautomation.com/applescript/firsttutorial/gfx/CH01_image11.jpg  (1270 OK, 131 queued)
[2026-04-01 15:46:03]   [1375 d0*] http://www.macosxautomation.com/applescript/sbrt/sbrt-06.html  (1275 OK, 143 queued)
[2026-04-01 15:46:06]   [1380 d0*] http://www.macosxautomation.com/applescript/sbrt/sbrt-03.html  (1280 OK, 138 queued)
[2026-04-01 15:46:08]   [1385 d0*] http://www.macosxautomation.com/applescript/sbrt/gfx/cgi.jpg  (1285 OK, 134 queued)
[2026-04-01 15:46:11]   [1390 d0*] http://www.macosxautomation.com/applescript/imageevents/05.html  (1290 OK, 140 queued)
[2026-04-01 15:46:11]     +7 links (1537 total known)
[2026-04-01 15:46:13]   [1395 d0*] http://www.macosxautomation.com/applescript/imageevents/gfx/color_picker01.png  (1295 OK, 142 queued)
[2026-04-01 15:46:16]   [1400 d0*] http://www.macosxautomation.com/applescript/imageevents/gfx/sqlpurpleframe.JPG  (1300 OK, 142 queued)
[2026-04-01 15:46:18]   [1405 d0*] http://www.macosxautomation.com/applescript/imageevents/gfx/23_image03.png  (1305 OK, 139 queued)
[2026-04-01 15:46:21]   [1410 d0*] http://www.macosxautomation.com/applescript/imageevents/gfx/23_image12.png  (1310 OK, 138 queued)
[2026-04-01 15:46:23]   [1415 d0*] http://www.macosxautomation.com/applescript/imageevents/gfx/23_image04.png  (1315 OK, 137 queued)
[2026-04-01 15:46:26]   [1420 d0*] http://www.macosxautomation.com/applescript/imageevents/gfx/23_image00.png  (1320 OK, 134 queued)
[2026-04-01 15:46:28]   [1425 d0*] http://www.macosxautomation.com/applescript/imageevents/gfx/23_imageA3.png  (1325 OK, 132 queued)
[2026-04-01 15:46:31]   [1430 d0*] http://www.macosxautomation.com/applescript/uiscripting/gfx/prefpane.png  (1330 OK, 132 queued)
[2026-04-01 15:46:34]   [1435 d0*] http://www.macosxautomation.com/applescript/mainstage/index.html  (1334 OK, 159 queued)
[2026-04-01 15:46:36]   [1440 d0*] http://www.macosxautomation.com/applescript/mainstage/agreement.html  (1339 OK, 160 queued)
[2026-04-01 15:46:36]     +1 links (1601 total known)
[2026-04-01 15:46:39]   [1445 d0*] http://www.macosxautomation.com/applescript/accountswitcher/gfx/loginwindow.png  (1343 OK, 161 queued)
[2026-04-01 15:46:42]   [1450 d0*] http://www.macosxautomation.com/applescript/toolbar/index.html  (1347 OK, 156 queued)
[2026-04-01 15:46:42]     +6 links (1612 total known)
[2026-04-01 15:46:48]   [1460] 1355 OK, 105 failed, 162 queued
[2026-04-01 15:46:48]     last fail: http://www.macosxautomation.com/applescript/itunesurl/applescript.css
[2026-04-01 15:46:51]   [1465 d0*] http://www.macosxautomation.com/applescript/itunesurl/gfx/twitterpost.jpg  (1360 OK, 157 queued)
[2026-04-01 15:46:53]   [1470 d0*] http://www.macosxautomation.com/applescript/slidedroplet/gfx/movie32x32.png  (1365 OK, 158 queued)
[2026-04-01 15:46:56]   [1475 d0*] http://www.macosxautomation.com/applescript/aperture/indesign/index.html  (1369 OK, 153 queued)
[2026-04-01 15:46:59]   [1480 d0*] http://www.macosxautomation.com/applescript/aperture/indesign/gfx/imperfection02.png  (1373 OK, 159 queued)
[2026-04-01 15:47:02]   [1485 d0*] http://www.macosxautomation.com/applescript/aperture/indesign/agreement.html  (1378 OK, 154 queued)
[2026-04-01 15:47:04]   [1490 d0*] http://www.macosxautomation.com/applescript/aperture/publish/sharing.png  (1383 OK, 158 queued)
[2026-04-01 15:47:07]   [1495 d0*] http://www.macosxautomation.com/applescript/aperture/publish/smith-wed-01/images/thumbs/helloworld-0004_TH.jpg  (1387 OK, 178 queued)
[2026-04-01 15:47:10]   [1500 d0*] http://www.macosxautomation.com/applescript/aperture/publish/smith-wed-01/images/helloworld-0001.jpg  (1392 OK, 173 queued)
[2026-04-01 15:47:12]   [1505 d0*] http://www.macosxautomation.com/applescript/aperture/publish/smith-wed-01/images/helloworld-0010.jpg  (1397 OK, 176 queued)
[2026-04-01 15:47:15]   [1510 d0*] http://www.macosxautomation.com/applescript/aperture/publish/smith-wed-01/images/thumbs/helloworld-0003_TH.jpg  (1402 OK, 171 queued)
[2026-04-01 15:47:17]   [1515 d0*] http://www.macosxautomation.com/applescript/aperture/publish/smith-wed-01/images/helloworld-0006.jpg  (1407 OK, 166 queued)
[2026-04-01 15:47:20]   [1520 d0*] http://www.macosxautomation.com/applescript/aperture/publish/smith-wed-01/images/helloworld-0003.jpg  (1412 OK, 161 queued)
[2026-04-01 15:47:22]   [1525 d0*] http://www.macosxautomation.com/applescript/aperture/publish/smith-wed-01/images/helloworld-0005.jpg  (1417 OK, 156 queued)
[2026-04-01 15:47:25]   [1530 d0*] http://www.macosxautomation.com/applescript/toolbar/gfx/Zoom32x32.png  (1422 OK, 151 queued)
[2026-04-01 15:47:28]   [1535 d0*] http://www.macosxautomation.com/applescript/qwikwidget/gfx/install-dialog.png  (1426 OK, 150 queued)
[2026-04-01 15:47:31]   [1540] 1430 OK, 110 failed, 149 queued
[2026-04-01 15:47:31]     last fail: http://www.macosxautomation.com/applescript/selfpreso/applescript.css
[2026-04-01 15:47:33]   [1545 d0*] http://www.macosxautomation.com/applescript/accountswitcher/gfx/Accounts32x32.png  (1435 OK, 144 queued)
[2026-04-01 15:47:36]   [1550 d0*] http://www.macosxautomation.com/applescript/datapublish/gfx/filemaker.jpg  (1439 OK, 151 queued)
[2026-04-01 15:47:42]   [1560 d0*] http://www.macosxautomation.com/applescript/quickviewer/index.html  (1448 OK, 141 queued)
[2026-04-01 15:47:42]     +5 links (1706 total known)
[2026-04-01 15:47:44]   [1565 d0*] http://www.macosxautomation.com/applescript/quickviewer/gfx/viewerdialog02.png  (1452 OK, 141 queued)
[2026-04-01 15:47:47]   [1570 d0*] http://www.macosxautomation.com/applescript/bundletools/gfx/dialog.png  (1456 OK, 141 queued)
[2026-04-01 15:47:53]   [1580 d0*] http://www.macosxautomation.com/applescript/aperture/caption/gfx/palette.png  (1465 OK, 139 queued)
[2026-04-01 15:47:56]   [1585 d0*] http://www.macosxautomation.com/applescript/mmousemenu/index.html  (1469 OK, 134 queued)
[2026-04-01 15:47:59]   [1590 d0*] http://www.macosxautomation.com/applescript/linktrigger/index.html  (1473 OK, 133 queued)
[2026-04-01 15:47:59]     +2 links (1725 total known)
[2026-04-01 15:48:02]   [1595 d0*] http://www.macosxautomation.com/applescript/aperture/index.html  (1477 OK, 130 queued)
[2026-04-01 15:48:05]   [1600] 1479 OK, 121 failed, 130 queued
[2026-04-01 15:48:05]     last fail: http://www.macosxautomation.com/applescript/aperture/applescript.css
[2026-04-01 15:48:10]   [1605 d0*] http://www.macosxautomation.com/applescript/firsttutorial/gfx/CH01_image17.jpg  (1484 OK, 128 queued)
[2026-04-01 15:48:14]   [1610 d0*] http://www.macosxautomation.com/applescript/firsttutorial/07.html  (1489 OK, 125 queued)
[2026-04-01 15:48:14]     +1 links (1736 total known)
[2026-04-01 15:48:19]   [1615 d0*] http://www.macosxautomation.com/applescript/firsttutorial/gfx/CH01_image25.jpg  (1494 OK, 124 queued)
[2026-04-01 15:48:23]   [1620 d0*] http://www.macosxautomation.com/applescript/firsttutorial/gfx/CH01_image01.jpg  (1499 OK, 122 queued)
[2026-04-01 15:48:27]   [1625 d0*] http://www.macosxautomation.com/applescript/features/index.html  (1504 OK, 120 queued)
[2026-04-01 15:48:31]   [1630 d0*] http://www.macosxautomation.com/lightbox/lightbox.js  (1509 OK, 115 queued)
[2026-04-01 15:48:36]   [1635 d0*] http://www.macosxautomation.com/training/services/tut03/gfx/dragaction.jpg  (1514 OK, 119 queued)
[2026-04-01 15:48:42]   [1640 d0*] http://www.macosxautomation.com/training/services/tut03/gfx/addedaction.jpg  (1519 OK, 114 queued)
[2026-04-01 15:49:01]   [1660 d0*] http://www.macosxautomation.com/training/services/tut01/gfx/inputsettings.png  (1525 OK, 116 queued)
[2026-04-01 15:49:07]   [1665 d0*] http://www.macosxautomation.com/training/services/tut01/gfx/templatechooser-small.png  (1530 OK, 111 queued)
[2026-04-01 15:49:12]   [1670 d0*] http://www.macosxautomation.com/training/services/tut04/gfx/dragsecondaction.jpg  (1535 OK, 119 queued)
[2026-04-01 15:49:19]   [1675 d0*] http://www.macosxautomation.com/training/services/tut04/gfx/prefspane-01.png  (1540 OK, 114 queued)
[2026-04-01 15:49:25]   [1680 d0*] http://www.macosxautomation.com/training/services/tut04/gfx/HUD-facebook.png  (1545 OK, 109 queued)
[2026-04-01 15:49:30]   [1685 d0*] http://www.macosxautomation.com/training/services/tut02/gfx/actionview.png  (1550 OK, 114 queued)
[2026-04-01 15:49:36]   [1690 d0*] http://www.macosxautomation.com/training/services/tut02/gfx/templatechoosertrimmed.jpg  (1555 OK, 109 queued)
[2026-04-01 15:49:41]   [1695 d0*] http://www.macosxautomation.com/training/video/gfx/AT002.jpg  (1560 OK, 108 queued)
[2026-04-01 15:49:46]   [1700 d0*] http://www.macosxautomation.com/training/video/gfx/training-sm-banner.jpg  (1565 OK, 103 queued)
[2026-04-01 15:49:50]   [1705 d0*] http://www.macosxautomation.com/training/video/gfx/macbreakdev004.jpg  (1570 OK, 107 queued)
[2026-04-01 15:49:55]   [1710 d0*] http://www.macosxautomation.com/training/video/gfx/macbreakdev009.jpg  (1575 OK, 102 queued)
[2026-04-01 15:49:59]   [1715 d0*] http://www.macosxautomation.com/training/automator/tut03/gfx/RSS32x32.png  (1580 OK, 114 queued)
[2026-04-01 15:50:05]   [1720 d0*] http://www.macosxautomation.com/training/automator/tut03/gfx/workflow3.png  (1585 OK, 110 queued)
[2026-04-01 15:50:10]   [1725 d0*] http://www.macosxautomation.com/training/automator/tut03/gfx/GenericApp32x32.png  (1589 OK, 111 queued)
[2026-04-01 15:50:16]   [1730 d0*] http://www.macosxautomation.com/training/automator/gfx/Automator208x208.png  (1593 OK, 106 queued)
[2026-04-01 15:50:21]   [1735 d0*] http://www.macosxautomation.com/training/automator/tut04/03.html  (1598 OK, 110 queued)
[2026-04-01 15:50:26]   [1740 d0*] http://www.macosxautomation.com/training/automator/tut04/01.html  (1603 OK, 108 queued)
[2026-04-01 15:50:31]   [1745 d0*] http://www.macosxautomation.com/training/automator/tut04/gfx/watch-me-do-02.png  (1608 OK, 108 queued)
[2026-04-01 15:50:37]   [1750 d0*] http://www.macosxautomation.com/training/automator/tut04/gfx/sysprefsindock.jpg  (1613 OK, 106 queued)
[2026-04-01 15:50:42]   [1755 d0*] http://www.macosxautomation.com/training/automator/tut02/gfx/09.png  (1618 OK, 110 queued)
[2026-04-01 15:50:48]   [1760 d0*] http://www.macosxautomation.com/training/automator/tut02/gfx/03.png  (1622 OK, 109 queued)
[2026-04-01 15:50:53]   [1765 d0*] http://www.macosxautomation.com/training/automator/tut02/gfx/15.png  (1627 OK, 113 queued)
[2026-04-01 15:50:59]   [1770 d0*] http://www.macosxautomation.com/training/automator/tut02/gfx/10.png  (1632 OK, 108 queued)
[2026-04-01 15:51:05]   [1775 d0*] http://www.macosxautomation.com/training/automator/tut02/gfx/05.png  (1637 OK, 105 queued)
[2026-04-01 15:51:10]   [1780 d0*] http://www.macosxautomation.com/training/automator/tut01/gfx/window-01.png  (1642 OK, 108 queued)
[2026-04-01 15:51:16]   [1785 d0*] http://www.macosxautomation.com/training/automator/tut01/03.html  (1647 OK, 106 queued)
[2026-04-01 15:51:22]   [1790 d0*] http://www.macosxautomation.com/training/automator/tut01/gfx/find-mail-action.png  (1651 OK, 105 queued)
[2026-04-01 15:51:28]   [1795 d0*] http://www.macosxautomation.com/training/automator/tut01/gfx/starting-points-01.jpg  (1656 OK, 104 queued)
[2026-04-01 15:51:33]   [1800 d0*] http://www.macosxautomation.com/training/automator/tut01/gfx/script-menu.png  (1661 OK, 102 queued)
[2026-04-01 15:51:52]   [1820] 1663 OK, 157 failed, 110 queued
[2026-04-01 15:51:52]     last fail: http://www.macosxautomation.com/examples.html
[2026-04-01 15:52:05]   [1835 d0*] http://www.macosxautomation.com/training/applescript/13.html  (1668 OK, 118 queued)
[2026-04-01 15:52:11]   [1840 d0*] http://www.macosxautomation.com/training/applescript/07.html  (1673 OK, 116 queued)
[2026-04-01 15:52:11]     +1 links (1957 total known)
[2026-04-01 15:52:30]   [1860] 1675 OK, 185 failed, 120 queued
[2026-04-01 15:52:30]     last fail: http://www.macosxautomation.com/training/06.html
[2026-04-01 15:52:40]   [1870 d0*] http://www.macosxautomation.com/training/applescript/02.html  (1680 OK, 112 queued)
[2026-04-01 15:52:40]     +3 links (1985 total known)
[2026-04-01 15:52:45]   [1875 d0*] http://www.macosxautomation.com/training/applescript/gfx/CH01_image23.jpg  (1685 OK, 111 queued)
[2026-04-01 15:52:50]   [1880 d0*] http://www.macosxautomation.com/training/applescript/gfx/CH01_image16.jpg  (1690 OK, 110 queued)
[2026-04-01 15:53:04]   [1895 d0*] http://www.macosxautomation.com/training/applescript/18.html  (1695 OK, 106 queued)
[2026-04-01 15:53:09]   [1900 d0*] http://www.macosxautomation.com/training/applescript/11.html  (1700 OK, 104 queued)
[2026-04-01 15:53:15]   [1905 d0*] http://www.macosxautomation.com/training/applescript/gfx/CH01_image09.jpg  (1705 OK, 103 queued)
[2026-04-01 15:53:20]   [1910 d0*] http://www.macosxautomation.com/training/applescript/gfx/CH01_image24.jpg  (1710 OK, 101 queued)
[2026-04-01 15:53:26]   [1915 d0*] http://www.macosxautomation.com/training/applescript/04.html  (1715 OK, 97 queued)
[2026-04-01 15:53:30]   [1920 d0*] http://www.macosxautomation.com/css/lightbox.css  (1720 OK, 93 queued)
[2026-04-01 15:53:33]   [1925 d0*] https://macosxautomation.com/services/gfx/services-splash-900x562.jpg  (1725 OK, 88 queued)
[2026-04-01 15:53:35]   [1930 d0*] https://macosxautomation.com/services/download/gfx/iDisk64x64.png  (1730 OK, 87 queued)
[2026-04-01 15:53:39]   [1935 d0*] https://macosxautomation.com/services/learn/tut03/index.html  (1735 OK, 88 queued)
[2026-04-01 15:53:41]   [1940 d0*] https://macosxautomation.com/services/learn/tut03/gfx/templatechoosertrimmed.jpg  (1740 OK, 92 queued)
[2026-04-01 15:53:44]   [1945 d0*] https://macosxautomation.com/services/learn/gfx/movieframe.png  (1745 OK, 87 queued)
[2026-04-01 15:53:46]   [1950 d0*] https://macosxautomation.com/services/learn/tut02/gfx/addaction.jpg  (1750 OK, 92 queued)
[2026-04-01 15:53:49]   [1955 d0*] https://macosxautomation.com/services/learn/tut02/gfx/inputsettingsannotated-01.jpg  (1755 OK, 87 queued)
[2026-04-01 15:53:51]   [1960 d0*] https://macosxautomation.com/services/learn/tut01/gfx/Automator128.png  (1760 OK, 90 queued)
[2026-04-01 15:53:54]   [1965 d0*] https://macosxautomation.com/services/learn/tut01/gfx/keystrokeassign.png  (1765 OK, 85 queued)
[2026-04-01 15:53:56]   [1970 d0*] https://macosxautomation.com/services/learn/tut04/gfx/inputsettingsannotated-01.jpg  (1770 OK, 93 queued)
[2026-04-01 15:53:59]   [1975 d0*] https://macosxautomation.com/services/learn/tut04/gfx/HUD-facebook.png  (1775 OK, 88 queued)
[2026-04-01 15:54:01]   [1980 d0*] https://macosxautomation.com/services/learn/tut04/gfx/editsecondaction-02.jpg  (1780 OK, 83 queued)
[2026-04-01 15:54:04]   [1985 d0*] http://www.macosxautomation.com/js/scriptaculous.js?load=effects  (1785 OK, 78 queued)
[2026-04-01 15:54:07]   [1990 d0*] https://macosxautomation.com/apple-video/gfx/AS001.jpg  (1790 OK, 76 queued)
[2026-04-01 15:54:10]   [1995 d0*] https://macosxautomation.com/mb-video/gfx/macbreakdev004.jpg  (1795 OK, 71 queued)
[2026-04-01 15:54:13]   [2000 d0*] http://macosxautomation.com/lion/applescript.html  (1800 OK, 71 queued)
[2026-04-01 15:54:13]     +10 links (2081 total known)
[2026-04-01 15:54:16]   [2005 d0*] http://macosxautomation.com/lion/gfx/cocoaappletmenuitem.jpg  (1805 OK, 76 queued)
[2026-04-01 15:54:18]   [2010 d0*] http://macosxautomation.com/lion/gfx/tellappmenu.jpg  (1810 OK, 71 queued)
[2026-04-01 15:54:21]   [2015 d0*] http://macosxautomation.com/lion/webcontent/index.html  (1815 OK, 91 queued)
[2026-04-01 15:54:23]   [2020 d0*] http://macosxautomation.com/lion/encodemedia/index.html  (1820 OK, 90 queued)
[2026-04-01 15:54:23]     +5 links (2115 total known)
[2026-04-01 15:54:26]   [2025 d0*] http://macosxautomation.com/lion/encodemedia/gfx/multiworkflow.png  (1825 OK, 90 queued)
[2026-04-01 15:54:28]   [2030 d0*] http://macosxautomation.com/lion/gfx/versions-automator.jpg  (1830 OK, 85 queued)
[2026-04-01 15:54:31]   [2035 d0*] http://macosxautomation.com/lion/annotatedversion/gfx/annotationservicemenu.jpg  (1835 OK, 85 queued)
[2026-04-01 15:54:33]   [2040 d0*] http://macosxautomation.com/lion/createbanner/gfx/formatted.png  (1840 OK, 85 queued)
[2026-04-01 15:54:36]   [2045 d0*] http://macosxautomation.com/lion/gfx/conversion-composite.jpg  (1845 OK, 80 queued)
[2026-04-01 15:54:38]   [2050 d0*] http://macosxautomation.com/lion/websitepopup/gfx/lookupresult.png  (1850 OK, 86 queued)
[2026-04-01 15:54:41]   [2055 d0*] http://macosxautomation.com/lion/websitepopup/gfx/twitterworkflow.png  (1855 OK, 81 queued)
[2026-04-01 15:54:43]   [2060 d0*] http://macosxautomation.com/lion/websitepopup/gfx/download.png  (1860 OK, 76 queued)
[2026-04-01 15:54:46]   [2065 d0*] http://macosxautomation.com/lion/gfx/texttoepub.png  (1865 OK, 74 queued)
[2026-04-01 15:54:48]   [2070 d0*] http://macosxautomation.com/lion/epub/gfx/texttoepub.jpg  (1870 OK, 83 queued)
[2026-04-01 15:54:51]   [2075 d0*] http://macosxautomation.com/lion/epub/gfx/workflow-formattedbookwithselectedtext.png  (1875 OK, 82 queued)
[2026-04-01 15:54:53]   [2080 d0*] http://macosxautomation.com/lion/epub/gfx/HUDPreviewActive.png  (1880 OK, 77 queued)
[2026-04-01 15:54:56]   [2085 d0*] http://macosxautomation.com/lion/epub/gfx-demo/01.jpg  (1885 OK, 89 queued)
[2026-04-01 15:54:59]   [2090 d0*] http://macosxautomation.com/lion/epub/gfx-demo/08.png  (1890 OK, 84 queued)
[2026-04-01 15:55:01]   [2095 d0*] http://macosxautomation.com/lion/epub/gfx-demo/07.jpg  (1895 OK, 79 queued)
[2026-04-01 15:55:04]   [2100] 1899 OK, 201 failed, 74 queued
[2026-04-01 15:55:04]     last fail: http://macosxautomation.com/lion/annotatedversion.html
[2026-04-01 15:55:07]   [2105 d0*] http://macosxautomation.com/lion/epub/simplebook/gfx/ibooks36x36.png  (1903 OK, 78 queued)
[2026-04-01 15:55:09]   [2110 d0*] http://macosxautomation.com/lion/epub/simplebook/gfx/addcover.jpg  (1908 OK, 73 queued)
[2026-04-01 15:55:12]   [2115 d0*] http://macosxautomation.com/lion/terminal.html  (1913 OK, 68 queued)
[2026-04-01 15:55:14]   [2120 d0*] http://macosxautomation.com/lion/gfx/terminalnewwindow.jpg  (1918 OK, 75 queued)
[2026-04-01 15:55:17]   [2125 d0*] http://macosxautomation.com/lion/gfx/terminalimagebackground.jpg  (1923 OK, 70 queued)
[2026-04-01 15:55:19]   [2130 d0*] https://macosxautomation.com/applescript/features/system-prefs.html  (1928 OK, 70 queued)
[2026-04-01 15:55:19]     +10 links (2210 total known)
[2026-04-01 15:55:22]   [2135 d0*] https://macosxautomation.com/applescript/features/gfx/network.png  (1933 OK, 75 queued)
[2026-04-01 15:55:25]   [2140 d0*] https://macosxautomation.com/applescript/features/gfx/desktop.png  (1937 OK, 70 queued)
[2026-04-01 15:55:28]   [2145 d0*] https://macosxautomation.com/applescript/features/features.html  (1942 OK, 66 queued)
[2026-04-01 15:55:30]   [2150 d0*] https://macosxautomation.com/applescript/firsttutorial/14.html  (1947 OK, 64 queued)
[2026-04-01 15:55:33]   [2155 d0*] https://macosxautomation.com/applescript/firsttutorial/gfx/CH01_image03.jpg  (1952 OK, 63 queued)
[2026-04-01 15:55:35]   [2160 d0*] https://macosxautomation.com/applescript/firsttutorial/gfx/CH01_image26.jpg  (1957 OK, 60 queued)
[2026-04-01 15:55:38]   [2165 d0*] https://macosxautomation.com/applescript/firsttutorial/gfx/CH01_image24.jpg  (1962 OK, 59 queued)
[2026-04-01 15:55:40]   [2170 d0*] https://macosxautomation.com/applescript/firsttutorial/gfx/CH01_image17.jpg  (1967 OK, 57 queued)
[2026-04-01 15:55:43]   [2175 d0*] https://macosxautomation.com/applescript/firsttutorial/04.html  (1972 OK, 52 queued)
[2026-04-01 15:55:45]   [2180 d0*] https://macosxautomation.com/applescript/imageevents/gfx/23_imageA3.png  (1977 OK, 67 queued)
[2026-04-01 15:55:48]   [2185 d0*] https://macosxautomation.com/applescript/imageevents/04.html  (1982 OK, 64 queued)
[2026-04-01 15:55:50]   [2190 d0*] https://macosxautomation.com/applescript/imageevents/06.html  (1987 OK, 63 queued)
[2026-04-01 15:55:50]     +5 links (2258 total known)
[2026-04-01 15:55:53]   [2195 d0*] https://macosxautomation.com/applescript/imageevents/gfx/23_image09.png  (1992 OK, 63 queued)
[2026-04-01 15:55:55]   [2200 d0*] https://macosxautomation.com/applescript/imageevents/gfx/23_image13.png  (1997 OK, 63 queued)
[2026-04-01 15:55:58]   [2205 d0*] https://macosxautomation.com/applescript/imageevents/gfx/23_imageA4.png  (2002 OK, 60 queued)
[2026-04-01 15:56:01]   [2210 d0*] https://macosxautomation.com/applescript/imageevents/gfx/purplepad.jpg  (2007 OK, 62 queued)
[2026-04-01 15:56:03]   [2215 d0*] https://macosxautomation.com/applescript/imageevents/gfx/23_image07.png  (2012 OK, 57 queued)
[2026-04-01 15:56:06]   [2220 d0*] https://macosxautomation.com/applescript/uiscripting/gfx/prefpane.png  (2016 OK, 57 queued)
[2026-04-01 15:56:09]   [2225 d0*] https://macosxautomation.com/applescript/linktrigger/hummingbird-th.jpg  (2020 OK, 86 queued)
[2026-04-01 15:56:15]   [2235 d0*] https://macosxautomation.com/applescript/aperture/publish/index.html  (2029 OK, 82 queued)
[2026-04-01 15:56:18]   [2240 d0*] https://macosxautomation.com/applescript/aperture/publish/banner.jpg  (2033 OK, 86 queued)
[2026-04-01 15:56:21]   [2245 d0*] https://macosxautomation.com/applescript/aperture/publish/smith-wed-01/lightbox-files/lightbox.js  (2038 OK, 106 queued)
[2026-04-01 15:56:23]   [2250 d0*] https://macosxautomation.com/applescript/aperture/publish/smith-wed-01/images/helloworld-0007.jpg  (2043 OK, 101 queued)
[2026-04-01 15:56:26]   [2255 d0*] https://macosxautomation.com/applescript/aperture/publish/smith-wed-01/images/thumbs/helloworld-0006_TH.jpg  (2048 OK, 96 queued)
[2026-04-01 15:56:28]   [2260 d0*] https://macosxautomation.com/applescript/aperture/publish/smith-wed-01/PoweredByMacOSX.gif  (2053 OK, 91 queued)
[2026-04-01 15:56:31]   [2265 d0*] https://macosxautomation.com/applescript/aperture/publish/smith-wed-01/images/thumbs/helloworld-0003_TH.jpg  (2058 OK, 86 queued)
[2026-04-01 15:56:33]   [2270 d0*] https://macosxautomation.com/applescript/aperture/publish/smith-wed-01/images/thumbs/helloworld-0010_TH.jpg  (2063 OK, 89 queued)
[2026-04-01 15:56:36]   [2275 d0*] https://macosxautomation.com/applescript/aperture/publish/smith-wed-01/images/helloworld-0013.jpg  (2068 OK, 84 queued)
[2026-04-01 15:56:38]   [2280 d0*] https://macosxautomation.com/applescript/accountswitcher/gfx/shortnamesetting.png  (2073 OK, 84 queued)
[2026-04-01 15:56:42]   [2285 d0*] https://macosxautomation.com/applescript/aperture/publish/publish32x32.png  (2077 OK, 79 queued)
[2026-04-01 15:56:58]   [2290 d0*] https://macosxautomation.com/applescript/toolbar/gfx/before.jpg  (2081 OK, 80 queued)
[2026-04-01 15:57:01]   [2295 d0*] https://macosxautomation.com/applescript/aperture/caption/index.html  (2086 OK, 75 queued)
[2026-04-01 15:57:04]   [2300 d0*] https://macosxautomation.com/applescript/aperture/caption/gfx/palette.png  (2090 OK, 76 queued)
[2026-04-01 15:57:06]   [2305 d0*] https://macosxautomation.com/applescript/aperture/indesign/agreement.html  (2095 OK, 82 queued)
[2026-04-01 15:57:10]   [2310 d0*] https://macosxautomation.com/applescript/aperture/indesign/gfx/movie32x32.png  (2099 OK, 77 queued)
[2026-04-01 15:57:12]   [2315 d0*] https://macosxautomation.com/applescript/selfpreso/gfx/KeyDocument32x32.png  (2104 OK, 76 queued)
[2026-04-01 15:57:15]   [2320 d0*] https://macosxautomation.com/applescript/qwikwidget/index.html  (2108 OK, 71 queued)
[2026-04-01 15:57:15]     +4 links (2395 total known)
[2026-04-01 15:57:18]   [2325 d0*] https://macosxautomation.com/applescript/quickviewer/index.html  (2112 OK, 70 queued)
[2026-04-01 15:57:21]   [2330 d0*] https://macosxautomation.com/applescript/quickviewer/gfx/viewerdialog02.png  (2116 OK, 70 queued)
[2026-04-01 15:57:24]   [2335 d0*] https://macosxautomation.com/applescript/mainstage/gfx/link.png  (2121 OK, 71 queued)
[2026-04-01 15:57:27]   [2340 d0*] https://macosxautomation.com/applescript/qwikwidget/gfx/widget32x32.png  (2125 OK, 67 queued)
[2026-04-01 15:57:30]   [2345 d0*] https://macosxautomation.com/applescript/mmousemenu/gfx/image-02.png  (2129 OK, 66 queued)
[2026-04-01 15:57:37]   [2355 d0*] https://macosxautomation.com/applescript/duplicatefiles/gfx/splashdialog.png  (2136 OK, 63 queued)
[2026-04-01 15:57:41]   [2360] 2139 OK, 221 failed, 63 queued
[2026-04-01 15:57:41]     last fail: https://macosxautomation.com/applescript/bundletools/applescript.css
[2026-04-01 15:57:43]   [2365 d0*] https://macosxautomation.com/applescript/linktrigger/WebpageHelper32x32.png  (2144 OK, 58 queued)
[2026-04-01 15:57:46]   [2370 d0*] https://macosxautomation.com/applescript/itunesurl/gfx/twitterdialog04.png  (2149 OK, 63 queued)
[2026-04-01 15:57:49]   [2375 d0*] https://macosxautomation.com/applescript/itunesurl/gfx/contextualmenu.jpg  (2154 OK, 58 queued)
[2026-04-01 15:57:52]   [2380 d0*] https://macosxautomation.com/applescript/datapublish/gfx/finished.png  (2157 OK, 65 queued)
[2026-04-01 15:57:55]   [2385 d0*] https://macosxautomation.com/applescript/datapublish/gfx/filemaker.jpg  (2162 OK, 60 queued)
[2026-04-01 15:58:01]   [2395 d0*] https://macosxautomation.com/applescript/develop/transcription.html  (2170 OK, 56 queued)
[2026-04-01 15:58:04]   [2400 d0*] https://macosxautomation.com/applescript/apps/imageload.js  (2174 OK, 63 queued)
[2026-04-01 15:58:07]   [2405 d0*] https://macosxautomation.com/applescript/apps/Script_Geek.html  (2179 OK, 58 queued)
[2026-04-01 15:58:09]   [2410 d0*] https://macosxautomation.com/applescript/apps/BridgePlus.html  (2184 OK, 55 queued)
[2026-04-01 15:58:09]     +3 links (2468 total known)
[2026-04-01 15:58:12]   [2415 d0*] https://macosxautomation.com/applescript/apps/BridgePlus_Manual/Pages/resourceValuesForKeys_forFilesIn_recursive_skipHidden_skipInsidePackages_.html  (2189 OK, 198 queued)
[2026-04-01 15:58:14]   [2420 d0*] https://macosxautomation.com/applescript/apps/BridgePlus_Manual/Pages/currentKeyboardInputSourceID.html  (2194 OK, 193 queued)
[2026-04-01 15:58:17]   [2425 d0*] https://macosxautomation.com/applescript/apps/BridgePlus_Manual/Pages/splitArray_byKey_sortKeys_.html  (2199 OK, 188 queued)
[2026-04-01 15:58:19]   [2430 d0*] https://macosxautomation.com/applescript/apps/BridgePlus_Manual/Pages/log10ValueOf_.html  (2204 OK, 183 queued)
[2026-04-01 15:58:22]   [2435 d0*] https://macosxautomation.com/applescript/apps/BridgePlus_Manual/Pages/paragraphsOfString_.html  (2209 OK, 178 queued)
[2026-04-01 15:58:25]   [2440 d0*] https://macosxautomation.com/applescript/apps/BridgePlus_Manual/Pages/sortedArrayFrom_stableSort_usingSelector_target_.html  (2214 OK, 173 queued)
[2026-04-01 15:58:27]   [2445 d0*] https://macosxautomation.com/applescript/apps/BridgePlus_Manual/Pages/MD5From_.html  (2219 OK, 168 queued)
[2026-04-01 15:58:30]   [2450 d0*] https://macosxautomation.com/applescript/apps/BridgePlus_Manual/Pages/passForInternetItem_account_server_path_port_error_.html  (2224 OK, 163 queued)
[2026-04-01 15:58:32]   [2455 d0*] https://macosxautomation.com/applescript/apps/BridgePlus_Manual/Pages/rangesOfLocalizedSentencesOfString_.html  (2229 OK, 158 queued)
[2026-04-01 15:58:35]   [2460 d0*] https://macosxautomation.com/applescript/apps/BridgePlus_Manual/Pages/ASifyFrom_forTypes_.html  (2234 OK, 153 queued)
[2026-04-01 15:58:37]   [2465 d0*] https://macosxautomation.com/applescript/apps/BridgePlus_Manual/Pages/availableInputSourceIDs.html  (2239 OK, 148 queued)
[2026-04-01 15:58:40]   [2470 d0*] https://macosxautomation.com/applescript/apps/BridgePlus_Manual/Pages/arrayByReplacingNullsIn_withItem_.html  (2244 OK, 143 queued)
[2026-04-01 15:58:42]   [2475 d0*] https://macosxautomation.com/applescript/apps/BridgePlus_Manual/Pages/dateValuesFrom_.html  (2249 OK, 138 queued)
[2026-04-01 15:58:45]   [2480 d0*] https://macosxautomation.com/applescript/apps/BridgePlus_Manual/Pages/asinhValueOf_.html  (2254 OK, 133 queued)
[2026-04-01 15:58:47]   [2485 d0*] https://macosxautomation.com/applescript/apps/BridgePlus_Manual/Pages/stringsOfString_inString_options_.html  (2259 OK, 128 queued)
[2026-04-01 15:58:50]   [2490 d0*] https://macosxautomation.com/applescript/apps/BridgePlus_Manual/Pages/tanValueOf_.html  (2264 OK, 123 queued)
[2026-04-01 15:58:52]   [2495 d0*] https://macosxautomation.com/applescript/apps/BridgePlus_Manual/Pages/paragraphCountOfString_.html  (2269 OK, 118 queued)
[2026-04-01 15:58:55]   [2500 d0*] https://macosxautomation.com/applescript/apps/BridgePlus_Manual/Pages/bezierForAI_.html  (2274 OK, 113 queued)
[2026-04-01 15:58:57]   [2505 d0*] https://macosxautomation.com/applescript/apps/BridgePlus_Manual/Pages/resourceValuesForKeys_forFoldersIn_recursive_.html  (2279 OK, 108 queued)
[2026-04-01 15:59:00]   [2510 d0*] https://macosxautomation.com/applescript/apps/BridgePlus_Manual/Pages/sortedArrayFrom_byKeys_.html  (2284 OK, 103 queued)
[2026-04-01 15:59:02]   [2515 d0*] https://macosxautomation.com/applescript/apps/BridgePlus_Manual/Pages/ASifyInListFrom_forTypes_.html  (2289 OK, 98 queued)
[2026-04-01 15:59:05]   [2520 d0*] https://macosxautomation.com/applescript/apps/BridgePlus_Manual/Pages/foldersIn_recursive_asPaths_.html  (2294 OK, 93 queued)
[2026-04-01 15:59:08]   [2525 d0*] https://macosxautomation.com/applescript/apps/BridgePlus_Manual/Pages/lineDashCountAndPhaseOfBezier_.html  (2299 OK, 88 queued)
[2026-04-01 15:59:10]   [2530 d0*] https://macosxautomation.com/applescript/apps/BridgePlus_Manual/Pages/resourceValuesForKeys_forItemsIn_recursive_skipHidden_skipInsidePackages_.html  (2304 OK, 83 queued)
[2026-04-01 15:59:13]   [2535 d0*] https://macosxautomation.com/applescript/apps/BridgePlus_Manual/Pages/resourceValuesForKeys_forItemsIn_recursive_.html  (2309 OK, 78 queued)
[2026-04-01 15:59:15]   [2540 d0*] https://macosxautomation.com/applescript/apps/BridgePlus_Manual/Pages/arrayByTrimmingBlanksFrom_.html  (2314 OK, 73 queued)
[2026-04-01 15:59:18]   [2545 d0*] https://macosxautomation.com/applescript/apps/BridgePlus_Manual/Pages/localizedWordCountOfString_.html  (2319 OK, 68 queued)
[2026-04-01 15:59:20]   [2550 d0*] https://macosxautomation.com/applescript/apps/BridgePlus_Manual/Pages/rangesOfCharactersOfString_.html  (2324 OK, 63 queued)
[2026-04-01 15:59:23]   [2555 d0*] https://macosxautomation.com/applescript/apps/BridgePlus_Manual/Pages/logValueOf_.html  (2329 OK, 58 queued)
[2026-04-01 15:59:26]   [2560 d0*] https://macosxautomation.com/applescript/apps/gfx/Everyday3_300.jpg  (2332 OK, 53 queued)
[2026-04-01 15:59:29]   [2565 d0*] https://macosxautomation.com/applescript/sbrt/sbrt-06.html  (2337 OK, 60 queued)
[2026-04-01 15:59:32]   [2570 d0*] https://macosxautomation.com/applescript/sbrt/sbrt-05.html  (2342 OK, 56 queued)
[2026-04-01 15:59:34]   [2575 d0*] https://macosxautomation.com/applescript/sbrt/sbrt-08.html  (2347 OK, 52 queued)
[2026-04-01 15:59:37]   [2580 d0*] https://macosxautomation.com/lightbox/lightbox.css  (2352 OK, 47 queued)
[2026-04-01 15:59:39]   [2585 d0*] https://macosxautomation.com/main-page-gfx/apple_s4@2x.png  (2357 OK, 42 queued)
[2026-04-01 15:59:42]   [2590 d0*] https://macosxautomation.com/about.html  (2362 OK, 37 queued)
[2026-04-01 15:59:42]     +2 links (2629 total known)
[2026-04-01 15:59:50]   [2600] 2367 OK, 233 failed, 29 queued
[2026-04-01 15:59:50]     last fail: https://macosxautomation.com/gfx/Xcode32x32.png
[2026-04-01 15:59:55]   [2605 d0*] https://macosxautomation.com/pixelmator-pro/index.html  (2369 OK, 24 queued)
[2026-04-01 16:00:00]   [2610 d0*] https://macosxautomation.com/pixelmator-pro/maps.html  (2373 OK, 30 queued)
[2026-04-01 16:00:01]     +1 links (2641 total known)
[2026-04-01 16:00:07]   [2615 d0*] https://macosxautomation.com/pixelmator-pro/omnijs.css  (2377 OK, 26 queued)
[2026-04-01 16:00:13]   [2620 d0*] http://macosxautomation.com/main-page-gfx/automator-256.png  (2380 OK, 21 queued)
[2026-04-01 16:00:17]   [2625 d0*] http://macosxautomation.com/workshops/index.html  (2385 OK, 21 queued)
[2026-04-01 16:00:22]   [2630 d0*] http://macosxautomation.com/workshops/podcast/gfx/drop.png  (2390 OK, 48 queued)
[2026-04-01 16:00:28]   [2635 d0*] http://macosxautomation.com/workshops/podcast/gfx/workflowdocumenticon.png  (2395 OK, 48 queued)
[2026-04-01 16:00:34]   [2640 d0*] http://macosxautomation.com/workshops/podcast/03.html  (2399 OK, 43 queued)
[2026-04-01 16:00:34]     +3 links (2686 total known)
[2026-04-01 16:00:40]   [2645 d0*] http://macosxautomation.com/workshops/podcast/gfx/voicesheet.png  (2404 OK, 41 queued)
[2026-04-01 16:00:47]   [2650 d0*] http://macosxautomation.com/workshops/podcast/gfx/savemaleread.png  (2409 OK, 41 queued)
[2026-04-01 16:00:53]   [2655 d0*] http://macosxautomation.com/workshops/podcast/02.html  (2414 OK, 37 queued)
[2026-04-01 16:00:59]   [2660 d0*] http://macosxautomation.com/workshops/epub/gfx/epub-qr.png  (2419 OK, 35 queued)
[2026-04-01 16:01:04]   [2665 d0*] http://macosxautomation.com/workshops/webapps/index.html  (2424 OK, 30 queued)
[2026-04-01 16:01:13]   [2670 d0*] http://macosxautomation.com/workshops/webapps/gfx/webkit-viewer-squirrel.png  (2429 OK, 45 queued)
[2026-04-01 16:01:19]   [2675 d0*] http://macosxautomation.com/workshops/sharing/01.html  (2434 OK, 40 queued)
[2026-04-01 16:01:27]   [2680 d0*] http://macosxautomation.com/workshops/sharing/gfx/public-folder-active.png  (2439 OK, 59 queued)
[2026-04-01 16:01:34]   [2685 d0*] http://macosxautomation.com/workshops/sharing/gfx/dropbox-warning.png  (2444 OK, 54 queued)
[2026-04-01 16:01:41]   [2690 d0*] http://macosxautomation.com/workshops/sharing/gfx/AirDrop-Image.jpg  (2449 OK, 49 queued)
[2026-04-01 16:01:48]   [2695 d0*] http://macosxautomation.com/workshops/sharing/gfx/websharequarantinedialog.png  (2454 OK, 56 queued)
[2026-04-01 16:01:55]   [2700 d0*] http://macosxautomation.com/workshops/sharing/04.html  (2459 OK, 51 queued)
[2026-04-01 16:01:55]     +8 links (2759 total known)
[2026-04-01 16:02:03]   [2705 d0*] http://macosxautomation.com/workshops/sharing/gfx/ipad-01.png  (2464 OK, 54 queued)
[2026-04-01 16:02:11]   [2710 d0*] http://macosxautomation.com/workshops/sharing/gfx/default-website.png  (2469 OK, 49 queued)
[2026-04-01 16:02:18]   [2715 d0*] http://macosxautomation.com/workshops/sharing/gfx/Assignment-Checkin.jpg  (2474 OK, 47 queued)
[2026-04-01 16:02:24]   [2720 d0*] http://macosxautomation.com/workshops/sharing/gfx/airdrop-sending.png  (2479 OK, 42 queued)
[2026-04-01 16:02:32]   [2725 d0*] http://macosxautomation.com/workshops/webapps/gfx/Automator-256.png  (2484 OK, 37 queued)
[2026-04-01 16:02:38]   [2730 d0*] http://macosxautomation.com/workshops/webapps/gfx/xcode-128.png  (2488 OK, 35 queued)
[2026-04-01 16:02:44]   [2735 d0*] http://macosxautomation.com/workshops/webapps/gfx/spwa-demo-05.png  (2493 OK, 40 queued)
[2026-04-01 16:02:51]   [2740 d0*] http://macosxautomation.com/workshops/webapps/gfx/media-selection.png  (2498 OK, 35 queued)
[2026-04-01 16:02:58]   [2745 d0*] http://macosxautomation.com/workshops/webapps/gfx/mc-TextEditWindow-02.png  (2503 OK, 34 queued)
[2026-04-01 16:03:05]   [2750 d0*] http://macosxautomation.com/workshops/webapps/gfx/exampleimage.png  (2508 OK, 42 queued)
[2026-04-01 16:03:11]   [2755 d0*] http://macosxautomation.com/workshops/webapps/mc-example-image/image.jpg  (2513 OK, 43 queued)
[2026-04-01 16:03:16]   [2760 d0*] http://macosxautomation.com/workshops/webapps/mc-example-image/lightbox.js  (2518 OK, 38 queued)
[2026-04-01 16:03:21]   [2765 d0*] http://macosxautomation.com/workshops/webapps/mc-example-video/makeTextBigger.png  (2523 OK, 38 queued)
[2026-04-01 16:03:26]   [2770 d0*] http://macosxautomation.com/workshops/webapps/mc-example-audio/makeTextBigger.png  (2528 OK, 38 queued)
[2026-04-01 16:03:31]   [2775 d0*] http://macosxautomation.com/workshops/webapps/gfx/examplevideo.png  (2533 OK, 33 queued)
[2026-04-01 16:03:36]   [2780 d0*] http://macosxautomation.com/workshops/webapps/sp-text/makeTextBigger.png  (2538 OK, 46 queued)
[2026-04-01 16:03:42]   [2785 d0*] http://macosxautomation.com/workshops/webapps/gfx/SP-Install-08.png  (2543 OK, 41 queued)
[2026-04-01 16:03:48]   [2790 d0*] http://macosxautomation.com/workshops/webapps/gfx/SP-Install-07.png  (2548 OK, 36 queued)
[2026-04-01 16:03:53]   [2795 d0*] http://macosxautomation.com/workshops/webapps/sp-audio/makeTextBigger.png  (2553 OK, 33 queued)
[2026-04-01 16:03:59]   [2800 d0*] http://macosxautomation.com/workshops/webapps/sp-image/makeTextSmaller.png  (2558 OK, 31 queued)
[2026-04-01 16:04:04]   [2805 d0*] http://macosxautomation.com/workshops/epub/08.html  (2563 OK, 38 queued)
[2026-04-01 16:04:17]   [2810 d0*] http://macosxautomation.com/workshops/epub/AliceinWonderland.epub  (2568 OK, 44 queued)
[2026-04-01 16:04:28]   [2815 d0*] http://macosxautomation.com/workshops/epub/gfx/audio.jpg  (2573 OK, 39 queued)
[2026-04-01 16:04:34]   [2820 d0*] http://macosxautomation.com/workshops/epub/gfx/action-view-right.png  (2578 OK, 39 queued)
[2026-04-01 16:04:41]   [2825 d0*] http://macosxautomation.com/workshops/epub/gfx/workflow-bookwithselectedfiles.png  (2583 OK, 38 queued)
[2026-04-01 16:04:46]   [2830 d0*] http://macosxautomation.com/workshops/epub/gfx/multi-01.jpg  (2588 OK, 39 queued)
[2026-04-01 16:04:52]   [2835 d0*] http://macosxautomation.com/workshops/epub/gfx/epub_logo_color.jpg  (2591 OK, 34 queued)
[2026-04-01 16:04:58]   [2840 d0*] http://macosxautomation.com/workshops/epub/04A.html  (2596 OK, 36 queued)
[2026-04-01 16:04:58]     +1 links (2877 total known)
[2026-04-01 16:05:05]   [2845 d0*] http://macosxautomation.com/workshops/epub/02.html  (2601 OK, 32 queued)
[2026-04-01 16:05:11]   [2850 d0*] http://macosxautomation.com/workshops/epub/gfx/internetdownloaddialog.png  (2606 OK, 35 queued)
[2026-04-01 16:05:18]   [2855 d0*] http://macosxautomation.com/workshops/epub/gfx/ibooks-256.png  (2611 OK, 30 queued)
[2026-04-01 16:05:24]   [2860 d0*] http://macosxautomation.com/workshops/epub/gfx/multi-13.png  (2616 OK, 33 queued)
[2026-04-01 16:05:30]   [2865 d0*] http://macosxautomation.com/workshops/webapps/gfx/webapps-qr.png  (2621 OK, 28 queued)
[2026-04-01 16:05:35]   [2870 d0*] http://macosxautomation.com/workshops/podcast/gfx/podcast-qr.png  (2626 OK, 23 queued)
[2026-04-01 16:05:42]   [2875 d0*] https://macosxautomation.com/yosemite/gfx/Keynote-Automator-Rectangle.jpg  (2631 OK, 18 queued)
[2026-04-01 16:05:46]   [2880 d0*] https://macosxautomation.com/automator/examples.html  (2636 OK, 42 queued)
[2026-04-01 16:05:46]     +3 links (2925 total known)
[2026-04-01 16:05:52]   [2890 d0*] https://macosxautomation.com/automator/gfx/print-plugin-nav-active.png  (2644 OK, 43 queued)
[2026-04-01 16:05:55]   [2895 d0*] https://macosxautomation.com/automator/gfx/utilities-nav.png  (2648 OK, 38 queued)
[2026-04-01 16:05:58]   [2900] 2652 OK, 248 failed, 39 queued
[2026-04-01 16:05:58]     last fail: https://macosxautomation.com/automator/automator-nav.png
[2026-04-01 16:06:01]   [2905 d0*] https://macosxautomation.com/automator/gfx/show-in-finder-security.png  (2657 OK, 42 queued)
[2026-04-01 16:06:03]   [2910 d0*] https://macosxautomation.com/automator/gfx/calendar-access-02.png  (2662 OK, 37 queued)
[2026-04-01 16:06:10]   [2920 d0*] https://macosxautomation.com/automator/utilities/gfx/disk-setup-workflow.png  (2669 OK, 35 queued)
[2026-04-01 16:06:14]   [2925 d0*] https://macosxautomation.com/automator/3rd-party-actions.html  (2672 OK, 30 queued)
[2026-04-01 16:06:17]   [2930 d0*] https://macosxautomation.com/automator/workflow/index.html  (2676 OK, 26 queued)
[2026-04-01 16:06:17]     +10 links (2966 total known)
[2026-04-01 16:06:23]   [2940 d0*] https://macosxautomation.com/automator/workflow/gfx/nasa-iod-workflow.png  (2684 OK, 26 queued)
[2026-04-01 16:06:26]   [2945 d0*] https://macosxautomation.com/automator/folder-action/gfx/folder-actions-dispatcher-access-list.png  (2689 OK, 32 queued)
[2026-04-01 16:06:32]   [2955 d0*] https://macosxautomation.com/automator/folder-action/gfx/folder-actions-setup-security-dialog.png  (2697 OK, 26 queued)
[2026-04-01 16:06:34]   [2960 d0*] https://macosxautomation.com/automator/folder-action/gfx/accessibility-access-dialog.png  (2702 OK, 26 queued)
[2026-04-01 16:06:41]   [2970 d0*] https://macosxautomation.com/automator/application/gfx/render-workflow.png  (2710 OK, 27 queued)
[2026-04-01 16:06:44]   [2975 d0*] https://macosxautomation.com/automator/application/gfx/speech-prefs.png  (2714 OK, 22 queued)
[2026-04-01 16:06:47]   [2980 d0*] https://macosxautomation.com/automator/calendar/gfx/first-opening-dialog.png  (2718 OK, 31 queued)
[2026-04-01 16:06:50]   [2985 d0*] https://macosxautomation.com/automator/calendar/gfx/calendar-alarm-applet-in-folder.png  (2722 OK, 26 queued)
[2026-04-01 16:06:53]   [2990 d0*] https://macosxautomation.com/automator/calendar/gfx/meeting-notes-security-pref-pane.png  (2726 OK, 21 queued)
[2026-04-01 16:06:56]   [2995 d0*] https://macosxautomation.com/automator/services/index.html  (2731 OK, 16 queued)
[2026-04-01 16:06:58]   [3000 d0*] https://macosxautomation.com/automator/services/gfx/touch-bar-key-settings.png  (2736 OK, 44 queued)
[2026-04-01 16:07:01]   [3005 d0*] https://macosxautomation.com/automator/services/gfx/send-36x36@144.png  (2741 OK, 39 queued)
[2026-04-01 16:07:04]   [3010 d0*] https://macosxautomation.com/automator/services/gfx/touch-bar-zoom.png  (2746 OK, 41 queued)
[2026-04-01 16:07:06]   [3015 d0*] https://macosxautomation.com/automator/services/gfx/touch-bar-extensions.png  (2751 OK, 36 queued)
[2026-04-01 16:07:09]   [3020 d0*] https://macosxautomation.com/automator/services/services.html  (2756 OK, 31 queued)
[2026-04-01 16:07:09]     +5 links (3056 total known)
[2026-04-01 16:07:11]   [3025 d0*] https://macosxautomation.com/automator/services/gfx/finder-contextual-menu.png  (2761 OK, 31 queued)
[2026-04-01 16:07:14]   [3030 d0*] https://macosxautomation.com/automator/services/gfx/explore-36x36@144.png  (2765 OK, 26 queued)
[2026-04-01 16:07:17]   [3035 d0*] https://macosxautomation.com/automator/gfx/services-nav-active.png  (2770 OK, 21 queued)
[2026-04-01 16:07:21]   [3040] 2774 OK, 266 failed, 16 queued
[2026-04-01 16:07:21]     last fail: https://macosxautomation.com/automator/services/apple-touch-icon.png
[2026-04-01 16:08:24]   [3045 d0*] http://macosxautomation.com/training/index.html  (2779 OK, 23 queued)
[2026-04-01 16:08:27]   [3050 d0*] http://macosxautomation.com/training/video/gfx/macbreak238.jpg  (2784 OK, 36 queued)
[2026-04-01 16:08:29]   [3055 d0*] http://macosxautomation.com/training/video/gfx/macbreakdev013.jpg  (2789 OK, 40 queued)
[2026-04-01 16:08:32]   [3060 d0*] http://macosxautomation.com/training/video/gfx/macbreakdev004.jpg  (2794 OK, 35 queued)
[2026-04-01 16:08:34]   [3065 d0*] http://macosxautomation.com/training/video/gfx/peachpit013.jpg  (2799 OK, 39 queued)
[2026-04-01 16:08:37]   [3070 d0*] http://macosxautomation.com/training/video/gfx/peachpit015.jpg  (2804 OK, 34 queued)
[2026-04-01 16:08:39]   [3075 d0*] http://macosxautomation.com/training/video/gfx/apple-logo-286.jpg  (2809 OK, 33 queued)
[2026-04-01 16:08:42]   [3080 d0*] http://macosxautomation.com/training/automator/intro.html  (2814 OK, 28 queued)
[2026-04-01 16:08:42]     +7 links (3115 total known)
[2026-04-01 16:08:45]   [3085 d0*] http://macosxautomation.com/training/automator/tut04/04.html  (2818 OK, 39 queued)
[2026-04-01 16:08:48]   [3090 d0*] http://macosxautomation.com/training/automator/tut04/gfx/application-chosen.png  (2823 OK, 39 queued)
[2026-04-01 16:08:50]   [3095 d0*] http://macosxautomation.com/training/automator/tut04/gfx/sharing-pane-search.jpg  (2828 OK, 39 queued)
[2026-04-01 16:08:53]   [3100 d0*] http://macosxautomation.com/training/automator/tut04/gfx/sharing-pane-05.png  (2833 OK, 35 queued)
[2026-04-01 16:08:55]   [3105 d0*] http://macosxautomation.com/training/automator/tut02/index.html  (2838 OK, 32 queued)
[2026-04-01 16:08:58]   [3110 d0*] http://macosxautomation.com/training/automator/tut02/gfx/11.png  (2843 OK, 42 queued)
[2026-04-01 16:09:00]   [3115 d0*] http://macosxautomation.com/training/automator/tut02/gfx/01.png  (2848 OK, 41 queued)
[2026-04-01 16:09:03]   [3120 d0*] http://macosxautomation.com/training/automator/tut02/05.html  (2852 OK, 36 queued)
[2026-04-01 16:09:03]     +1 links (3157 total known)
[2026-04-01 16:09:06]   [3125 d0*] http://macosxautomation.com/training/automator/tut02/gfx/05.png  (2857 OK, 34 queued)
[2026-04-01 16:09:08]   [3130 d0*] http://macosxautomation.com/training/automator/tut02/gfx/04.png  (2862 OK, 32 queued)
[2026-04-01 16:09:11]   [3135 d0*] http://macosxautomation.com/training/automator/tut03/gfx/link-drag.jpg  (2867 OK, 34 queued)
[2026-04-01 16:09:13]   [3140 d0*] http://macosxautomation.com/training/automator/tut03/gfx/workflow3.png  (2872 OK, 30 queued)
[2026-04-01 16:09:16]   [3145 d0*] http://macosxautomation.com/training/automator/tut03/gfx/alarm-02.jpg  (2876 OK, 31 queued)
[2026-04-01 16:09:19]   [3150 d0*] http://macosxautomation.com/training/automator/tut01/gfx/find-mail-action.png  (2881 OK, 34 queued)
[2026-04-01 16:09:21]   [3155 d0*] http://macosxautomation.com/training/automator/tut01/gfx/starting-points-03.jpg  (2886 OK, 33 queued)
[2026-04-01 16:09:24]   [3160 d0*] http://macosxautomation.com/training/automator/tut01/gfx/camera-capture.jpg  (2891 OK, 31 queued)
[2026-04-01 16:09:26]   [3165 d0*] http://macosxautomation.com/training/automator/tut01/gfx/script-menu.png  (2896 OK, 29 queued)
[2026-04-01 16:09:29]   [3170 d0*] http://macosxautomation.com/training/applescript/intro.html  (2900 OK, 27 queued)
[2026-04-01 16:09:29]     +22 links (3219 total known)
[2026-04-01 16:09:32]   [3175 d0*] http://macosxautomation.com/training/applescript/13.html  (2905 OK, 46 queued)
[2026-04-01 16:09:34]   [3180 d0*] http://macosxautomation.com/training/applescript/gfx/CH01_image09.jpg  (2910 OK, 46 queued)
[2026-04-01 16:09:37]   [3185 d0*] http://macosxautomation.com/training/applescript/gfx/CH01_image12.jpg  (2915 OK, 43 queued)
[2026-04-01 16:09:39]   [3190 d0*] http://macosxautomation.com/training/applescript/gfx/CH01_image04.jpg  (2920 OK, 43 queued)
[2026-04-01 16:09:42]   [3195 d0*] http://macosxautomation.com/training/applescript/gfx/CH01_image23.jpg  (2925 OK, 39 queued)
[2026-04-01 16:09:44]   [3200 d0*] http://macosxautomation.com/training/applescript/18.html  (2930 OK, 37 queued)
[2026-04-01 16:09:44]     +1 links (3238 total known)
[2026-04-01 16:09:47]   [3205 d0*] http://macosxautomation.com/training/applescript/gfx/CH01_image22.jpg  (2935 OK, 36 queued)
[2026-04-01 16:09:59]   [3220] 2939 OK, 281 failed, 44 queued
[2026-04-01 16:09:59]     last fail: http://macosxautomation.com/training/16.html
[2026-04-01 16:10:12]   [3235 d0*] http://macosxautomation.com/training/applescript/index.html  (2942 OK, 30 queued)
[2026-04-01 16:10:14]   [3240 d0*] http://macosxautomation.com/training/applescript/07.html  (2947 OK, 27 queued)
[2026-04-01 16:10:14]     +1 links (3268 total known)
[2026-04-01 16:10:17]   [3245 d0*] http://macosxautomation.com/training/services/tut02/gfx/warningdialog.png  (2952 OK, 41 queued)
[2026-04-01 16:10:19]   [3250 d0*] http://macosxautomation.com/training/services/tut02/gfx/templatechoosertrimmed.jpg  (2957 OK, 36 queued)
[2026-04-01 16:10:22]   [3255 d0*] http://macosxautomation.com/training/services/tut01/index.html  (2962 OK, 31 queued)
[2026-04-01 16:10:24]   [3260 d0*] http://macosxautomation.com/training/services/tut01/gfx/inputsettings.png  (2967 OK, 34 queued)
[2026-04-01 16:10:27]   [3265 d0*] http://macosxautomation.com/training/services/gfx/movieframe.png  (2972 OK, 29 queued)
[2026-04-01 16:10:29]   [3270 d0*] http://macosxautomation.com/training/services/tut03/gfx/input-settings.jpg  (2977 OK, 33 queued)
[2026-04-01 16:10:32]   [3275 d0*] http://macosxautomation.com/training/services/tut03/gfx/cat2sort.jpg  (2982 OK, 28 queued)
[2026-04-01 16:10:34]   [3280 d0*] http://macosxautomation.com/training/services/tut04/gfx/editfirstaction.jpg  (2987 OK, 36 queued)
[2026-04-01 16:10:37]   [3285 d0*] http://macosxautomation.com/training/services/tut04/gfx/editsecondaction-02.jpg  (2992 OK, 31 queued)
[2026-04-01 16:10:39]   [3290 d0*] http://macosxautomation.com/training/services/tut04/gfx/dragsecondaction.jpg  (2997 OK, 26 queued)
[2026-04-01 16:10:44]   [3295 d0*] https://macosxautomation.com/mavericks/workshop.css  (3002 OK, 21 queued)
[2026-04-01 16:10:52]   [3300 d0*] https://macosxautomation.com/mavericks/guiscripting/gfx/accessibilityexample-06.png  (3007 OK, 31 queued)
[2026-04-01 16:11:02]   [3310 d0*] http://macosxautomation.com/applescript.css  (3012 OK, 33 queued)
[2026-04-01 16:11:13]   [3320 d0*] https://macosxautomation.com/mavericks/guiscripting/gfx/revealautomationappssplash.png  (3016 OK, 30 queued)
[2026-04-01 16:11:22]   [3325 d0*] https://macosxautomation.com/mavericks/guiscripting/gfx/drag-complete.png  (3021 OK, 25 queued)
[2026-04-01 16:11:32]   [3330 d0*] https://macosxautomation.com/mavericks/guiscripting/gfx/accessibilityexample-04.png  (3026 OK, 20 queued)
[2026-04-01 16:11:39]   [3335 d0*] https://macosxautomation.com/mavericks/usestatement/01.html  (3031 OK, 21 queued)
[2026-04-01 16:11:46]   [3340 d0*] https://macosxautomation.com/mavericks/notifications/01.html  (3036 OK, 26 queued)
[2026-04-01 16:11:54]   [3345 d0*] https://macosxautomation.com/mavericks/notifications/gfx/prefs-01.jpg  (3041 OK, 25 queued)
[2026-04-01 16:12:02]   [3350 d0*] https://macosxautomation.com/mavericks/notifications/gfx/notifactionactionview.png  (3046 OK, 24 queued)
[2026-04-01 16:12:10]   [3355 d0*] https://macosxautomation.com/mavericks/notifications/gfx/defaultnotificationcenter.png  (3051 OK, 23 queued)
[2026-04-01 16:12:19]   [3360 d0*] https://macosxautomation.com/mavericks/notifications/gfx/notification-workflow.png  (3056 OK, 22 queued)
[2026-04-01 16:12:36]   [3380] 3057 OK, 323 failed, 30 queued
[2026-04-01 16:12:36]     last fail: http://macosxautomation.com/application/index.html
[2026-04-01 16:12:46]   [3390 d0*] https://macosxautomation.com/mavericks/notifications/gfx/resultbanner.png  (3058 OK, 20 queued)
[2026-04-01 16:12:52]   [3395 d0*] http://macosxautomation.com/mavericks/codesign/index.html  (3063 OK, 37 queued)
[2026-04-01 16:12:58]   [3400 d0*] http://macosxautomation.com/mavericks/codesign/gfx/keychain.jpg  (3068 OK, 37 queued)
[2026-04-01 16:13:04]   [3405 d0*] http://macosxautomation.com/mavericks/speakableworkflows/gfx/Speakable-Workflows-Group.png  (3073 OK, 35 queued)
[2026-04-01 16:13:06]   [3410 d0*] http://macosxautomation.com/mavericks/usestatement/gfx/scraddexample.png  (3078 OK, 37 queued)
[2026-04-01 16:13:09]   [3415 d0*] http://macosxautomation.com/mavericks/lightbox/lightbox.css  (3083 OK, 32 queued)
[2026-04-01 16:13:15]   [3420 d0*] http://macosxautomation.com/mavericks/icloud/gfx/automator.png  (3088 OK, 32 queued)
[2026-04-01 16:13:20]   [3425 d0*] http://macosxautomation.com/mavericks/gfx/mavericks-sm-banner.jpg  (3093 OK, 29 queued)
[2026-04-01 16:13:25]   [3430 d0*] http://macosxautomation.com/mavericks/codesign/03.html  (3098 OK, 24 queued)
[2026-04-01 16:13:25]     +2 links (3456 total known)
[2026-04-01 16:13:30]   [3435 d0*] http://macosxautomation.com/mavericks/libraries/gfx/format-popup-menu-script.png  (3103 OK, 30 queued)
[2026-04-01 16:13:36]   [3440 d0*] http://macosxautomation.com/mavericks/libraries/gfx/ExplorerMav300.jpg  (3108 OK, 28 queued)
[2026-04-01 16:13:43]   [3445 d0*] http://macosxautomation.com/mavericks/libraries/gfx/Text-Utilities-Dictionary-sm.png  (3113 OK, 25 queued)
[2026-04-01 16:14:39]   [3450 d0*] http://macosxautomation.com/mavericks/notifications/index.html  (3118 OK, 21 queued)
[2026-04-01 16:14:39]     +9 links (3480 total known)
[2026-04-01 16:14:42]   [3455 d0*] http://macosxautomation.com/mavericks/notifications/gfx/resultalert.png  (3123 OK, 28 queued)
[2026-04-01 16:14:44]   [3460 d0*] http://macosxautomation.com/mavericks/notifications/gfx/prefs-01.jpg  (3128 OK, 27 queued)
[2026-04-01 16:14:47]   [3465 d0*] http://macosxautomation.com/mavericks/notifications/gfx/notifactionactionview.png  (3133 OK, 26 queued)
[2026-04-01 16:14:51]   [3470 d0*] http://macosxautomation.com/mavericks/notifications/gfx/droplet-banner.png  (3138 OK, 24 queued)
[2026-04-01 16:14:54]   [3475 d0*] http://macosxautomation.com/mavericks/notifications/gfx/resetnotificationssplash.png  (3143 OK, 23 queued)
[2026-04-01 16:14:57]   [3480 d0*] http://macosxautomation.com/mavericks/guiscripting/index.html  (3148 OK, 18 queued)
[2026-04-01 16:14:57]     +12 links (3510 total known)
[2026-04-01 16:14:59]   [3485 d0*] http://macosxautomation.com/mavericks/guiscripting/gfx/oldaccessibilityprefs.png  (3153 OK, 25 queued)
[2026-04-01 16:15:02]   [3490 d0*] http://macosxautomation.com/mavericks/guiscripting/gfx/accessibilityaddlistsplash.png  (3158 OK, 27 queued)
[2026-04-01 16:15:05]   [3495 d0*] http://macosxautomation.com/mavericks/guiscripting/gfx/emptyaccessibilitylist.png  (3163 OK, 22 queued)
[2026-04-01 16:15:07]   [3500 d0*] https://macosxautomation.com/mavericks/speakableworkflows/index.html  (3168 OK, 17 queued)
[2026-04-01 16:15:07]     +2 links (3519 total known)
[2026-04-01 16:15:10]   [3505 d0*] https://macosxautomation.com/mavericks/codesign/02.html  (3173 OK, 21 queued)
[2026-04-01 16:15:12]   [3510 d0*] https://macosxautomation.com/mavericks/codesign/03.html  (3178 OK, 20 queued)
[2026-04-01 16:15:12]     +2 links (3532 total known)
[2026-04-01 16:15:15]   [3515 d0*] https://macosxautomation.com/mavericks/codesign/gfx/Icon_CertificateStandard.png  (3183 OK, 19 queued)
[2026-04-01 16:15:17]   [3520 d0*] https://macosxautomation.com/mavericks/icloud/gfx/automator.png  (3188 OK, 19 queued)
[2026-04-01 16:15:20]   [3525 d0*] https://macosxautomation.com/mavericks/libraries/index.html  (3193 OK, 14 queued)
[2026-04-01 16:15:22]   [3530 d0*] https://macosxautomation.com/mavericks/libraries/asoc.html  (3198 OK, 17 queued)
[2026-04-01 16:15:22]     +3 links (3550 total known)
[2026-04-01 16:15:25]   [3535 d0*] https://macosxautomation.com/mavericks/libraries/gfx/format-popup-menu-script.png  (3203 OK, 16 queued)
[2026-04-01 16:15:27]   [3540 d0*] https://macosxautomation.com/mavericks/libraries/gfx/magnifying.png  (3208 OK, 14 queued)
[2026-04-01 16:15:30]   [3545 d0*] http://macosxautomation.com/applescript/firsttutorial/index.html  (3213 OK, 11 queued)
[2026-04-01 16:15:37]   [3555 d0*] http://macosxautomation.com/applescript/firsttutorial/gfx/CH01_image23.jpg  (3219 OK, 27 queued)
[2026-04-01 16:15:40]   [3560] 3222 OK, 338 failed, 29 queued
[2026-04-01 16:15:40]     last fail: http://macosxautomation.com/downloads/
[2026-04-01 16:15:44]   [3565 d0*] http://macosxautomation.com/applescript/firsttutorial/01.html  (3223 OK, 24 queued)
[2026-04-01 16:15:47]   [3570 d0*] http://macosxautomation.com/applescript/firsttutorial/gfx/CH01_image22.jpg  (3228 OK, 24 queued)
[2026-04-01 16:15:49]   [3575 d0*] http://macosxautomation.com/applescript/firsttutorial/08.html  (3233 OK, 20 queued)
[2026-04-01 16:15:52]   [3580 d0*] http://macosxautomation.com/applescript/firsttutorial/gfx/CH01_image10.jpg  (3238 OK, 22 queued)
[2026-04-01 16:15:54]   [3585 d0*] http://macosxautomation.com/applescript/firsttutorial/04.html  (3243 OK, 17 queued)
[2026-04-01 16:15:57]   [3590 d0*] http://macosxautomation.com/applescript/firsttutorial/14.html  (3248 OK, 15 queued)
[2026-04-01 16:15:59]   [3595 d0*] http://macosxautomation.com/applescript/firsttutorial/13.html  (3253 OK, 12 queued)
[2026-04-01 16:16:02]   [3600 d0*] http://macosxautomation.com/main-page-gfx/xcode-256.png  (3258 OK, 8 queued)
[2026-04-01 16:16:23]   [3620] 3260 OK, 360 failed, 16 queued
[2026-04-01 16:16:23]     last fail: https://macosxautomation.com/gfx/automator-nav-active.png
[2026-04-01 16:16:36]   [3635 d0*] https://macosxautomation.com/lion/encodeaudio/gfx/encodeaudiooptions.jpg  (3265 OK, 34 queued)
[2026-04-01 16:16:39]   [3640] 3269 OK, 371 failed, 43 queued
[2026-04-01 16:16:39]     last fail: https://macosxautomation.com/lion/annotatedversion.html
[2026-04-01 16:16:42]   [3645 d0*] https://macosxautomation.com/lion/epub/gfx/workflow-bookwithclipboardcontents.png  (3273 OK, 42 queued)
[2026-04-01 16:16:45]   [3650 d0*] https://macosxautomation.com/lion/epub/gfx/epub_logo_color.jpg  (3278 OK, 37 queued)
[2026-04-01 16:16:47]   [3655 d0*] https://macosxautomation.com/lion/epub/simplebook/gfx/ibooks36x36.png  (3283 OK, 41 queued)
[2026-04-01 16:16:50]   [3660 d0*] https://macosxautomation.com/lion/epub/simplebook/gfx/bookbody.jpg  (3288 OK, 36 queued)
[2026-04-01 16:16:53]   [3665 d0*] https://macosxautomation.com/lion/epub/gfx-demo/10.png  (3293 OK, 48 queued)
[2026-04-01 16:16:55]   [3670 d0*] https://macosxautomation.com/lion/epub/gfx-demo/toc.jpg  (3298 OK, 43 queued)
[2026-04-01 16:16:58]   [3675 d0*] https://macosxautomation.com/lion/epub/AliceinWonderland.epub  (3303 OK, 38 queued)
[2026-04-01 16:17:00]   [3680 d0*] https://macosxautomation.com/lion/epub/gfx-demo/05.jpg  (3308 OK, 33 queued)
[2026-04-01 16:17:03]   [3685 d0*] https://macosxautomation.com/lion/gfx/createannotatedmovie.png  (3313 OK, 28 queued)
[2026-04-01 16:17:05]   [3690 d0*] https://macosxautomation.com/lion/websitepopup/gfx/wikipediamenu.jpg  (3318 OK, 34 queued)
[2026-04-01 16:17:08]   [3695 d0*] https://macosxautomation.com/lion/websitepopup/gfx/lookupresult.png  (3323 OK, 29 queued)
[2026-04-01 16:17:10]   [3700 d0*] https://macosxautomation.com/lion/gfx/specialfoldersmenu.png  (3328 OK, 24 queued)
[2026-04-01 16:17:13]   [3705 d0*] https://macosxautomation.com/lion/annotatedversion/gfx/createannotatedmovie-num.jpg  (3333 OK, 24 queued)
[2026-04-01 16:17:15]   [3710 d0*] https://macosxautomation.com/lion/encodemedia/index.html  (3338 OK, 19 queued)
[2026-04-01 16:17:15]     +5 links (3734 total known)
[2026-04-01 16:17:18]   [3715 d0*] https://macosxautomation.com/lion/encodemedia/gfx/multiworkflow.png  (3343 OK, 19 queued)
[2026-04-01 16:17:20]   [3720 d0*] https://macosxautomation.com/lion/gfx/texttoepub.png  (3348 OK, 14 queued)
[2026-04-01 16:17:23]   [3725 d0*] https://macosxautomation.com/lion/createbanner/gfx/custom.png  (3353 OK, 14 queued)
[2026-04-01 16:17:25]   [3730 d0*] https://macosxautomation.com/lion/webcontent/index.html  (3358 OK, 9 queued)
[2026-04-01 16:17:25]     +4 links (3743 total known)
[2026-04-01 16:17:28]   [3735 d0*] https://macosxautomation.com/lion/gfx/automation-top-sm-banner-lion.jpg  (3363 OK, 8 queued)
[2026-04-01 16:17:30]   [3740 d0*] https://macosxautomation.com/lion/gfx/terminaldragfromFinder.jpg  (3368 OK, 15 queued)
[2026-04-01 16:17:33]   [3745 d0*] https://macosxautomation.com/lion/gfx/terminalnewwindow.jpg  (3373 OK, 10 queued)
[2026-04-01 16:17:35]   [3750 d0*] https://macosxautomation.com/lion/applescript.html  (3378 OK, 5 queued)
[2026-04-01 16:17:35]     +10 links (3765 total known)
[2026-04-01 16:17:38]   [3755 d0*] https://macosxautomation.com/lion/gfx/tellappmenu.jpg  (3383 OK, 10 queued)
[2026-04-01 16:17:40]   [3760 d0*] https://macosxautomation.com/lion/gfx/caseexample.jpg  (3388 OK, 5 queued)
[2026-04-01 16:17:44]   [3765 d0*] http://macosxautomation.com/lightbox/lightbox.css  (3393 OK, 0 queued)
[2026-04-01 16:17:45] WordPress PDF extraction: found 1 PDF(s)
[2026-04-01 16:17:53]   PDFs: 0 downloaded, 0 cached, 1 failed
[2026-04-01 16:17:53]   Missing PDFs list: /var/folders/ly/fy8lysdn46x8hx7ybrhcmyf80000gn/T/sal-mirror-macosxautomation-_q2b8mio/macosxautomation.com/_missing_pdfs.txt
[2026-04-01 16:17:53] Generating index...
[2026-04-01 16:17:53] Index: 1415 files
[2026-04-01 16:17:53]   .png: 597
[2026-04-01 16:17:53]   .html: 422
[2026-04-01 16:17:53]   .jpg: 332
[2026-04-01 16:17:53]   .css: 34
[2026-04-01 16:17:53]   .js: 17
[2026-04-01 16:17:53]   .epub: 5
[2026-04-01 16:17:53]   .m4v: 3
[2026-04-01 16:17:53]   .gif: 2
[2026-04-01 16:17:53]   .js__load%3deffects: 2
[2026-04-01 16:17:53]   .mov: 1
[2026-04-01 16:17:53] 
============================================================
[2026-04-01 16:17:53] LIVE MIRROR COMPLETE
[2026-04-01 16:17:53] Downloaded: 3765, OK: 3393, Failed: 372
[2026-04-01 16:17:53] Total URLs seen: 3765
[2026-04-01 16:17:53] ============================================================
[2026-04-01 16:17:53] 
Next step: fe-ingest.sh /var/folders/ly/fy8lysdn46x8hx7ybrhcmyf80000gn/T/sal-mirror-macosxautomation-_q2b8mio/macosxautomation.com
